INFO: Scrapy 1.7.3 started (bot: DoctorRating)
INFO: Versions: lxml 4.4.1.0, libxml2 2.9.9, cssselect 1.1.0, parsel 1.5.2, w3lib 1.21.0, Twisted 19.7.0, Python 3.7.4 (default, Jul  9 2019, 18:15:00) - [Clang 10.0.0 (clang-1000.11.45.5)], pyOpenSSL 19.0.0 (OpenSSL 1.1.1c  28 May 2019), cryptography 2.7, Platform Darwin-17.7.0-x86_64-i386-64bit
INFO: Overridden settings: {'BOT_NAME': 'DoctorRating', 'FEED_FORMAT': 'csv', 'FEED_URI': 'doctorrating.csv', 'NEWSPIDER_MODULE': 'DoctorRating.spiders', 'ROBOTSTXT_OBEY': True, 'SPIDER_MODULES': ['DoctorRating.spiders']}
INFO: Telnet Password: d7703d7716987916
INFO: Enabled extensions:
['scrapy.extensions.corestats.CoreStats',
 'scrapy.extensions.telnet.TelnetConsole',
 'scrapy.extensions.memusage.MemoryUsage',
 'scrapy.extensions.feedexport.FeedExporter',
 'scrapy.extensions.logstats.LogStats']
INFO: Enabled downloader middlewares:
['scrapy.downloadermiddlewares.robotstxt.RobotsTxtMiddleware',
 'scrapy.downloadermiddlewares.httpauth.HttpAuthMiddleware',
 'scrapy.downloadermiddlewares.downloadtimeout.DownloadTimeoutMiddleware',
 'scrapy.downloadermiddlewares.defaultheaders.DefaultHeadersMiddleware',
 'scrapy.downloadermiddlewares.useragent.UserAgentMiddleware',
 'scrapy.downloadermiddlewares.retry.RetryMiddleware',
 'scrapy.downloadermiddlewares.redirect.MetaRefreshMiddleware',
 'scrapy.downloadermiddlewares.httpcompression.HttpCompressionMiddleware',
 'scrapy.downloadermiddlewares.redirect.RedirectMiddleware',
 'scrapy.downloadermiddlewares.cookies.CookiesMiddleware',
 'scrapy.downloadermiddlewares.httpproxy.HttpProxyMiddleware',
 'scrapy.downloadermiddlewares.stats.DownloaderStats']
INFO: Enabled spider middlewares:
['scrapy.spidermiddlewares.httperror.HttpErrorMiddleware',
 'scrapy.spidermiddlewares.offsite.OffsiteMiddleware',
 'scrapy.spidermiddlewares.referer.RefererMiddleware',
 'scrapy.spidermiddlewares.urllength.UrlLengthMiddleware',
 'scrapy.spidermiddlewares.depth.DepthMiddleware']
INFO: Enabled item pipelines:
[]
INFO: Spider opened
INFO: Crawled 0 pages (at 0 pages/min), scraped 0 items (at 0 items/min)
INFO: Telnet console listening on 127.0.0.1:6023
DEBUG: Crawled (200) <GET https://www.ratemds.com/robots.txt> (referer: None)
DEBUG: Crawled (200) <GET https://www.ratemds.com/facilities/wa/seattle/> (referer: None)
DEBUG: Crawled (200) <GET https://www.ratemds.com/clinic/us-wa-seattle-karla-aylen-dds-northgate-smiles/#doctors> (referer: https://www.ratemds.com/facilities/wa/seattle/)
DEBUG: Crawled (200) <GET https://www.ratemds.com/clinic/us-wa-kirkland-799/#doctors> (referer: https://www.ratemds.com/facilities/wa/seattle/)
DEBUG: Crawled (200) <GET https://www.ratemds.com/facilities/wa/seattle/?page=2> (referer: https://www.ratemds.com/facilities/wa/seattle/)
DEBUG: Crawled (200) <GET https://www.ratemds.com/clinic/us-wa-seattle-kindred-hospital-seattle/#doctors> (referer: https://www.ratemds.com/facilities/wa/seattle/)
DEBUG: Crawled (200) <GET https://www.ratemds.com/hospital/us-wa-seattle-harborview-medical-center-800/#doctors> (referer: https://www.ratemds.com/facilities/wa/seattle/)
DEBUG: Crawled (200) <GET https://www.ratemds.com/clinic/us-wa-seattle-kindred-hospital-seattle-348/#doctors> (referer: https://www.ratemds.com/facilities/wa/seattle/)
DEBUG: Crawled (200) <GET https://www.ratemds.com/clinic/us-wa-seattle-n-w-eye-surgeons-684/#doctors> (referer: https://www.ratemds.com/facilities/wa/seattle/)
DEBUG: Crawled (200) <GET https://www.ratemds.com/hospital/us-wa-seattle-virginia-mason-medical-center-182/#doctors> (referer: https://www.ratemds.com/facilities/wa/seattle/)
DEBUG: Crawled (200) <GET https://www.ratemds.com/clinic/us-wa-seattle-slater-paula-md/#doctors> (referer: https://www.ratemds.com/facilities/wa/seattle/?page=2)
DEBUG: Crawled (200) <GET https://www.ratemds.com/hospital/us-wa-seattle-northwest-hospital-474/#doctors> (referer: https://www.ratemds.com/facilities/wa/seattle/)
DEBUG: Crawled (200) <GET https://www.ratemds.com/hospital/us-wa-seattle-kindred-hospital-seattle-181/#doctors> (referer: https://www.ratemds.com/facilities/wa/seattle/)
DEBUG: Filtered duplicate request: <GET https://www.ratemds.com/doctor-ratings/316838/Dr-Kenneth+M.-Gross-Seattle-WA.html> - no more duplicates will be shown (see DUPEFILTER_DEBUG to show all duplicates)
DEBUG: Crawled (200) <GET https://www.ratemds.com/doctor-ratings/3224609/Dr-Mark+J.-CANNON-KIRKLAND-WA.html> (referer: https://www.ratemds.com/clinic/us-wa-kirkland-799/)
DEBUG: Crawled (200) <GET https://www.ratemds.com/clinic/us-wa-seattle-leslie-a-degasparis-nd/#doctors> (referer: https://www.ratemds.com/facilities/wa/seattle/?page=2)
DEBUG: Crawled (200) <GET https://www.ratemds.com/clinic/us-wa-seattle-dr-robert-thompson/#doctors> (referer: https://www.ratemds.com/facilities/wa/seattle/?page=2)
DEBUG: Crawled (200) <GET https://www.ratemds.com/clinic/us-wa-seattle-innes-jay-b-md/#doctors> (referer: https://www.ratemds.com/facilities/wa/seattle/?page=2)
DEBUG: Crawled (200) <GET https://www.ratemds.com/clinic/us-wa-seattle-swedish-urology-group-674/#doctors> (referer: https://www.ratemds.com/facilities/wa/seattle/?page=2)
DEBUG: Scraped from <200 https://www.ratemds.com/doctor-ratings/3224609/Dr-Mark+J.-CANNON-KIRKLAND-WA.html>
{'Doctor_Name': 'Dr. Mark J. CANNON',
 'Facility_Name': 'Cannon Eyecare ',
 'Helpfulness_Rating': 5.0,
 'Knowledge_Rating': 5.0,
 'Punctuality_Rating': 5.0,
 'Staff_Rating': 4.875}
DEBUG: Crawled (200) <GET https://www.ratemds.com/doctor-ratings/2865655/Dr-KARLA+E.-AYLEN-Seattle-WA.html> (referer: https://www.ratemds.com/clinic/us-wa-seattle-karla-aylen-dds-northgate-smiles/)
DEBUG: Crawled (200) <GET https://www.ratemds.com/hospital/us-wa-seattle-swedish-medical-center-630/#doctors> (referer: https://www.ratemds.com/facilities/wa/seattle/)
DEBUG: Crawled (200) <GET https://www.ratemds.com/clinic/us-wa-seattle-262/#doctors> (referer: https://www.ratemds.com/facilities/wa/seattle/?page=2)
DEBUG: Crawled (200) <GET https://www.ratemds.com/clinic/us-wa-seattle-kindred-hospital-seattle/?page=2#doctors> (referer: https://www.ratemds.com/clinic/us-wa-seattle-kindred-hospital-seattle/)
DEBUG: Crawled (200) <GET https://www.ratemds.com/facilities/wa/seattle/?page=3> (referer: https://www.ratemds.com/facilities/wa/seattle/?page=2)
DEBUG: Crawled (200) <GET https://www.ratemds.com/doctor-ratings/3446722/JOANNA+L.-FESLER-Seattle-WA.html> (referer: https://www.ratemds.com/clinic/us-wa-seattle-kindred-hospital-seattle/)
DEBUG: Scraped from <200 https://www.ratemds.com/doctor-ratings/3446722/JOANNA+L.-FESLER-Seattle-WA.html>
{'Doctor_Name': 'Joanna L. Fesler',
 'Facility_Name': 'Kindred Hospital Seattle – First Hill',
 'Helpfulness_Rating': 0,
 'Knowledge_Rating': 0,
 'Punctuality_Rating': 0,
 'Staff_Rating': 0}
DEBUG: Crawled (200) <GET https://www.ratemds.com/hospital/us-wa-seattle-harborview-medical-center-800/?page=2#doctors> (referer: https://www.ratemds.com/hospital/us-wa-seattle-harborview-medical-center-800/)
DEBUG: Crawled (200) <GET https://www.ratemds.com/doctor-ratings/14762/Dr-Thomas+C.-Green-Seattle-WA.html> (referer: https://www.ratemds.com/hospital/us-wa-seattle-virginia-mason-medical-center-182/)
DEBUG: Crawled (200) <GET https://www.ratemds.com/doctor-ratings/316838/Dr-Kenneth+M.-Gross-Seattle-WA.html> (referer: https://www.ratemds.com/hospital/us-wa-seattle-virginia-mason-medical-center-182/)
DEBUG: Crawled (200) <GET https://www.ratemds.com/doctor-ratings/809720/Dr-Roger+B.-Higgs-Seattle-WA.html> (referer: https://www.ratemds.com/hospital/us-wa-seattle-kindred-hospital-seattle-181/)
DEBUG: Scraped from <200 https://www.ratemds.com/doctor-ratings/14762/Dr-Thomas+C.-Green-Seattle-WA.html>
{'Doctor_Name': 'Dr. Thomas C. Green',
 'Facility_Name': 'Virginia Mason Medical Center',
 'Helpfulness_Rating': 4.0,
 'Knowledge_Rating': 4.5,
 'Punctuality_Rating': 5.0,
 'Staff_Rating': 4.25}
DEBUG: Crawled (200) <GET https://www.ratemds.com/hospital/us-wa-seattle-kindred-hospital-seattle-181/?page=2#doctors> (referer: https://www.ratemds.com/hospital/us-wa-seattle-kindred-hospital-seattle-181/)
DEBUG: Scraped from <200 https://www.ratemds.com/doctor-ratings/316838/Dr-Kenneth+M.-Gross-Seattle-WA.html>
{'Doctor_Name': 'Dr. Kenneth M. Gross',
 'Facility_Name': 'Virginia Mason Medical Center',
 'Helpfulness_Rating': 3.429,
 'Knowledge_Rating': 3.571,
 'Punctuality_Rating': 4.286,
 'Staff_Rating': 4.143}
DEBUG: Crawled (200) <GET https://www.ratemds.com/doctor-ratings/2651476/Dr-ROY+P.-MATHEWS-Seattle-WA.html> (referer: https://www.ratemds.com/clinic/us-wa-seattle-kindred-hospital-seattle-348/)
DEBUG: Scraped from <200 https://www.ratemds.com/doctor-ratings/809720/Dr-Roger+B.-Higgs-Seattle-WA.html>
{'Doctor_Name': 'Dr. Roger B. Higgs',
 'Facility_Name': 'Kindred Hospital Seattle',
 'Helpfulness_Rating': 1.0,
 'Knowledge_Rating': 1.0,
 'Punctuality_Rating': 1.0,
 'Staff_Rating': 1.0}
DEBUG: Crawled (200) <GET https://www.ratemds.com/hospital/us-wa-seattle-virginia-mason-medical-center-182/?page=2#doctors> (referer: https://www.ratemds.com/hospital/us-wa-seattle-virginia-mason-medical-center-182/)
DEBUG: Scraped from <200 https://www.ratemds.com/doctor-ratings/2651476/Dr-ROY+P.-MATHEWS-Seattle-WA.html>
{'Doctor_Name': 'Dr. Roy P. Mathews',
 'Facility_Name': 'Kindred Hospital – Northgate',
 'Helpfulness_Rating': 1.0,
 'Knowledge_Rating': 1.0,
 'Punctuality_Rating': 1.0,
 'Staff_Rating': 1.0}
DEBUG: Crawled (200) <GET https://www.ratemds.com/doctor-ratings/943081/Dr-Paul+T.-Nghiem-SEATTLE-WA.html> (referer: https://www.ratemds.com/hospital/us-wa-seattle-kindred-hospital-seattle-181/)
DEBUG: Crawled (200) <GET https://www.ratemds.com/doctor-ratings/868971/Darin+J.-Bunch-Renton-WA.html> (referer: https://www.ratemds.com/hospital/us-wa-seattle-kindred-hospital-seattle-181/)
DEBUG: Crawled (200) <GET https://www.ratemds.com/doctor-ratings/953227/Dr-Geoff+A.-Wiegand-Seattle-WA.html> (referer: https://www.ratemds.com/hospital/us-wa-seattle-kindred-hospital-seattle-181/)
DEBUG: Scraped from <200 https://www.ratemds.com/doctor-ratings/943081/Dr-Paul+T.-Nghiem-SEATTLE-WA.html>
{'Doctor_Name': 'Dr. Paul T. Nghiem',
 'Facility_Name': 'Kindred Hospital Seattle',
 'Helpfulness_Rating': 5.0,
 'Knowledge_Rating': 5.0,
 'Punctuality_Rating': 5.0,
 'Staff_Rating': 5.0}
DEBUG: Scraped from <200 https://www.ratemds.com/doctor-ratings/868971/Darin+J.-Bunch-Renton-WA.html>
{'Doctor_Name': 'Darin J. Bunch',
 'Facility_Name': 'Kindred Hospital Seattle',
 'Helpfulness_Rating': 5.0,
 'Knowledge_Rating': 5.0,
 'Punctuality_Rating': 5.0,
 'Staff_Rating': 5.0}
DEBUG: Scraped from <200 https://www.ratemds.com/doctor-ratings/953227/Dr-Geoff+A.-Wiegand-Seattle-WA.html>
{'Doctor_Name': 'Geoff A. Wiegand',
 'Facility_Name': 'Kindred Hospital Seattle',
 'Helpfulness_Rating': 1.0,
 'Knowledge_Rating': 1.0,
 'Punctuality_Rating': 2.0,
 'Staff_Rating': 2.0}
DEBUG: Crawled (200) <GET https://www.ratemds.com/doctor-ratings/954691/Dr-Linda-Hipps-Seattle-WA.html> (referer: https://www.ratemds.com/hospital/us-wa-seattle-kindred-hospital-seattle-181/)
DEBUG: Crawled (200) <GET https://www.ratemds.com/doctor-ratings/2865655/Dr-KARLA+E.-AYLEN-Seattle-WA.html?page=2> (referer: https://www.ratemds.com/doctor-ratings/2865655/Dr-KARLA+E.-AYLEN-Seattle-WA.html)
DEBUG: Scraped from <200 https://www.ratemds.com/doctor-ratings/954691/Dr-Linda-Hipps-Seattle-WA.html>
{'Doctor_Name': 'Dr. Linda Hipps',
 'Facility_Name': 'Kindred Hospital Seattle',
 'Helpfulness_Rating': 4.0,
 'Knowledge_Rating': 3.8,
 'Punctuality_Rating': 3.8,
 'Staff_Rating': 3.8}
DEBUG: Crawled (200) <GET https://www.ratemds.com/facilities/wa/seattle/?page=4> (referer: https://www.ratemds.com/facilities/wa/seattle/?page=3)
DEBUG: Crawled (200) <GET https://www.ratemds.com/doctor-ratings/2883404/Dr-MARY+A.-HATCH-MAILLETTE-SEATTLE-WA.html> (referer: https://www.ratemds.com/clinic/us-wa-seattle-262/)
DEBUG: Crawled (200) <GET https://www.ratemds.com/doctor-ratings/17272/Dr-Ferda+Frank-Isik-Seattle-WA.html> (referer: https://www.ratemds.com/hospital/us-wa-seattle-swedish-medical-center-630/)
DEBUG: Scraped from <200 https://www.ratemds.com/doctor-ratings/2883404/Dr-MARY+A.-HATCH-MAILLETTE-SEATTLE-WA.html>
{'Doctor_Name': 'Mary A. Hatch-Maillette',
 'Facility_Name': 'Mary A. Hatch-Maillette Clinic Seattle',
 'Helpfulness_Rating': 5.0,
 'Knowledge_Rating': 5.0,
 'Punctuality_Rating': 4.0,
 'Staff_Rating': 5.0}
DEBUG: Scraped from <200 https://www.ratemds.com/doctor-ratings/17272/Dr-Ferda+Frank-Isik-Seattle-WA.html>
{'Doctor_Name': 'Dr. Ferda Frank Isik',
 'Facility_Name': 'Swedish Medical Center',
 'Helpfulness_Rating': 5.0,
 'Knowledge_Rating': 5.0,
 'Punctuality_Rating': 5.0,
 'Staff_Rating': 5.0}
DEBUG: Crawled (200) <GET https://www.ratemds.com/doctor-ratings/138778/Dr-Thomas+E.-Trumble-BELLEVUE-WA.html> (referer: https://www.ratemds.com/hospital/us-wa-seattle-swedish-medical-center-630/)
DEBUG: Scraped from <200 https://www.ratemds.com/doctor-ratings/138778/Dr-Thomas+E.-Trumble-BELLEVUE-WA.html>
{'Doctor_Name': 'Dr. Thomas E. Trumble',
 'Facility_Name': 'Swedish Medical Center',
 'Helpfulness_Rating': 4.3,
 'Knowledge_Rating': 4.8,
 'Punctuality_Rating': 4.2,
 'Staff_Rating': 4.3}
DEBUG: Crawled (200) <GET https://www.ratemds.com/doctor-ratings/134554/Dr-Chris+Y.-Maeda-Seattle-WA.html> (referer: https://www.ratemds.com/hospital/us-wa-seattle-harborview-medical-center-800/?page=2)
DEBUG: Crawled (200) <GET https://www.ratemds.com/doctor-ratings/681964/Dr-Russell+J.-Carlisle-Seattle-WA.html> (referer: https://www.ratemds.com/hospital/us-wa-seattle-harborview-medical-center-800/?page=2)
DEBUG: Crawled (200) <GET https://www.ratemds.com/doctor-ratings/356785/Dr-Esther+F.-Liu-Bellevue-WA.html> (referer: https://www.ratemds.com/hospital/us-wa-seattle-harborview-medical-center-800/?page=2)
DEBUG: Scraped from <200 https://www.ratemds.com/doctor-ratings/134554/Dr-Chris+Y.-Maeda-Seattle-WA.html>
{'Doctor_Name': 'Dr. Chris Y. Maeda',
 'Facility_Name': 'Harborview Medical Center',
 'Helpfulness_Rating': 5.0,
 'Knowledge_Rating': 5.0,
 'Punctuality_Rating': 4.5,
 'Staff_Rating': 4.0}
DEBUG: Scraped from <200 https://www.ratemds.com/doctor-ratings/681964/Dr-Russell+J.-Carlisle-Seattle-WA.html>
{'Doctor_Name': 'Dr. Russell J. Carlisle',
 'Facility_Name': 'Harborview Medical Center',
 'Helpfulness_Rating': 1.0,
 'Knowledge_Rating': 2.0,
 'Punctuality_Rating': 4.0,
 'Staff_Rating': 5.0}
DEBUG: Crawled (200) <GET https://www.ratemds.com/hospital/us-wa-seattle-swedish-medical-center-630/?page=2#doctors> (referer: https://www.ratemds.com/hospital/us-wa-seattle-swedish-medical-center-630/)
DEBUG: Scraped from <200 https://www.ratemds.com/doctor-ratings/356785/Dr-Esther+F.-Liu-Bellevue-WA.html>
{'Doctor_Name': 'Dr. Esther F. Liu',
 'Facility_Name': 'Harborview Medical Center',
 'Helpfulness_Rating': 1.0,
 'Knowledge_Rating': 1.0,
 'Punctuality_Rating': 2.5,
 'Staff_Rating': 2.5}
DEBUG: Crawled (200) <GET https://www.ratemds.com/hospital/us-wa-seattle-harborview-medical-center-800/?page=3#doctors> (referer: https://www.ratemds.com/hospital/us-wa-seattle-harborview-medical-center-800/?page=2)
DEBUG: Crawled (200) <GET https://www.ratemds.com/doctor-ratings/40769/Dr-Kathleen+C.-Kobashi-Seattle-WA.html> (referer: https://www.ratemds.com/hospital/us-wa-seattle-virginia-mason-medical-center-182/?page=2)
DEBUG: Crawled (200) <GET https://www.ratemds.com/doctor-ratings/40632/Dr-John+D.-Wynn-Seattle-WA.html> (referer: https://www.ratemds.com/hospital/us-wa-seattle-harborview-medical-center-800/?page=2)
ERROR: Spider error processing <GET https://www.ratemds.com/doctor-ratings/40769/Dr-Kathleen+C.-Kobashi-Seattle-WA.html> (referer: https://www.ratemds.com/hospital/us-wa-seattle-virginia-mason-medical-center-182/?page=2)
Traceback (most recent call last):
  File "/Volumes/Unix/workplace/My_Project/Scrapy/venv/lib/python3.7/site-packages/scrapy/utils/defer.py", line 102, in iter_errback
    yield next(it)
  File "/Volumes/Unix/workplace/My_Project/Scrapy/venv/lib/python3.7/site-packages/scrapy/core/spidermw.py", line 84, in evaluate_iterable
    for r in iterable:
  File "/Volumes/Unix/workplace/My_Project/Scrapy/venv/lib/python3.7/site-packages/scrapy/spidermiddlewares/offsite.py", line 29, in process_spider_output
    for x in result:
  File "/Volumes/Unix/workplace/My_Project/Scrapy/venv/lib/python3.7/site-packages/scrapy/core/spidermw.py", line 84, in evaluate_iterable
    for r in iterable:
  File "/Volumes/Unix/workplace/My_Project/Scrapy/venv/lib/python3.7/site-packages/scrapy/spidermiddlewares/referer.py", line 339, in <genexpr>
    return (_set_referer(r) for r in result or ())
  File "/Volumes/Unix/workplace/My_Project/Scrapy/venv/lib/python3.7/site-packages/scrapy/core/spidermw.py", line 84, in evaluate_iterable
    for r in iterable:
  File "/Volumes/Unix/workplace/My_Project/Scrapy/venv/lib/python3.7/site-packages/scrapy/spidermiddlewares/urllength.py", line 37, in <genexpr>
    return (r for r in result or () if _filter(r))
  File "/Volumes/Unix/workplace/My_Project/Scrapy/venv/lib/python3.7/site-packages/scrapy/core/spidermw.py", line 84, in evaluate_iterable
    for r in iterable:
  File "/Volumes/Unix/workplace/My_Project/Scrapy/venv/lib/python3.7/site-packages/scrapy/spidermiddlewares/depth.py", line 58, in <genexpr>
    return (r for r in result or () if _filter(r))
  File "/Volumes/Unix/workplace/My_Project/Scrapy/DoctorRating/DoctorRating/spiders/doctorrating_spider.py", line 71, in parse_doctor_ratings
    rating = np.array(rating_matrix).mean(axis=0).round(self.FLOAT_DECIMALS)
  File "/Volumes/Unix/workplace/My_Project/Scrapy/venv/lib/python3.7/site-packages/numpy/core/_methods.py", line 163, in _mean
    ret = ret / rcount
TypeError: unsupported operand type(s) for /: 'list' and 'int'
DEBUG: Crawled (200) <GET https://www.ratemds.com/doctor-ratings/323341/Dr-Mariko-Kita-Seattle-WA.html> (referer: https://www.ratemds.com/hospital/us-wa-seattle-virginia-mason-medical-center-182/?page=2)
DEBUG: Crawled (200) <GET https://www.ratemds.com/hospital/us-wa-seattle-kindred-hospital-seattle-181/?page=3#doctors> (referer: https://www.ratemds.com/hospital/us-wa-seattle-kindred-hospital-seattle-181/?page=2)
ERROR: Spider error processing <GET https://www.ratemds.com/doctor-ratings/40632/Dr-John+D.-Wynn-Seattle-WA.html> (referer: https://www.ratemds.com/hospital/us-wa-seattle-harborview-medical-center-800/?page=2)
Traceback (most recent call last):
  File "/Volumes/Unix/workplace/My_Project/Scrapy/venv/lib/python3.7/site-packages/scrapy/utils/defer.py", line 102, in iter_errback
    yield next(it)
  File "/Volumes/Unix/workplace/My_Project/Scrapy/venv/lib/python3.7/site-packages/scrapy/core/spidermw.py", line 84, in evaluate_iterable
    for r in iterable:
  File "/Volumes/Unix/workplace/My_Project/Scrapy/venv/lib/python3.7/site-packages/scrapy/spidermiddlewares/offsite.py", line 29, in process_spider_output
    for x in result:
  File "/Volumes/Unix/workplace/My_Project/Scrapy/venv/lib/python3.7/site-packages/scrapy/core/spidermw.py", line 84, in evaluate_iterable
    for r in iterable:
  File "/Volumes/Unix/workplace/My_Project/Scrapy/venv/lib/python3.7/site-packages/scrapy/spidermiddlewares/referer.py", line 339, in <genexpr>
    return (_set_referer(r) for r in result or ())
  File "/Volumes/Unix/workplace/My_Project/Scrapy/venv/lib/python3.7/site-packages/scrapy/core/spidermw.py", line 84, in evaluate_iterable
    for r in iterable:
  File "/Volumes/Unix/workplace/My_Project/Scrapy/venv/lib/python3.7/site-packages/scrapy/spidermiddlewares/urllength.py", line 37, in <genexpr>
    return (r for r in result or () if _filter(r))
  File "/Volumes/Unix/workplace/My_Project/Scrapy/venv/lib/python3.7/site-packages/scrapy/core/spidermw.py", line 84, in evaluate_iterable
    for r in iterable:
  File "/Volumes/Unix/workplace/My_Project/Scrapy/venv/lib/python3.7/site-packages/scrapy/spidermiddlewares/depth.py", line 58, in <genexpr>
    return (r for r in result or () if _filter(r))
  File "/Volumes/Unix/workplace/My_Project/Scrapy/DoctorRating/DoctorRating/spiders/doctorrating_spider.py", line 71, in parse_doctor_ratings
    rating = np.array(rating_matrix).mean(axis=0).round(self.FLOAT_DECIMALS)
  File "/Volumes/Unix/workplace/My_Project/Scrapy/venv/lib/python3.7/site-packages/numpy/core/_methods.py", line 163, in _mean
    ret = ret / rcount
TypeError: unsupported operand type(s) for /: 'list' and 'int'
DEBUG: Scraped from <200 https://www.ratemds.com/doctor-ratings/323341/Dr-Mariko-Kita-Seattle-WA.html>
{'Doctor_Name': 'Dr. Mariko Kita',
 'Facility_Name': 'Virginia Mason Medical Center',
 'Helpfulness_Rating': 5.0,
 'Knowledge_Rating': 4.5,
 'Punctuality_Rating': 4.5,
 'Staff_Rating': 5.0}
DEBUG: Crawled (200) <GET https://www.ratemds.com/clinic/us-wa-issaquah-swedish-issaquah/#doctors> (referer: https://www.ratemds.com/facilities/wa/seattle/?page=4)
DEBUG: Crawled (200) <GET https://www.ratemds.com/hospital/us-wa-seattle-virginia-mason-medical-center-182/?page=3#doctors> (referer: https://www.ratemds.com/hospital/us-wa-seattle-virginia-mason-medical-center-182/?page=2)
DEBUG: Crawled (200) <GET https://www.ratemds.com/doctor-ratings/7551/Dr-Howard+G.-Muntz-Seattle-WA.html> (referer: https://www.ratemds.com/hospital/us-wa-seattle-virginia-mason-medical-center-182/?page=2)
ERROR: Spider error processing <GET https://www.ratemds.com/doctor-ratings/7551/Dr-Howard+G.-Muntz-Seattle-WA.html> (referer: https://www.ratemds.com/hospital/us-wa-seattle-virginia-mason-medical-center-182/?page=2)
Traceback (most recent call last):
  File "/Volumes/Unix/workplace/My_Project/Scrapy/venv/lib/python3.7/site-packages/scrapy/utils/defer.py", line 102, in iter_errback
    yield next(it)
  File "/Volumes/Unix/workplace/My_Project/Scrapy/venv/lib/python3.7/site-packages/scrapy/core/spidermw.py", line 84, in evaluate_iterable
    for r in iterable:
  File "/Volumes/Unix/workplace/My_Project/Scrapy/venv/lib/python3.7/site-packages/scrapy/spidermiddlewares/offsite.py", line 29, in process_spider_output
    for x in result:
  File "/Volumes/Unix/workplace/My_Project/Scrapy/venv/lib/python3.7/site-packages/scrapy/core/spidermw.py", line 84, in evaluate_iterable
    for r in iterable:
  File "/Volumes/Unix/workplace/My_Project/Scrapy/venv/lib/python3.7/site-packages/scrapy/spidermiddlewares/referer.py", line 339, in <genexpr>
    return (_set_referer(r) for r in result or ())
  File "/Volumes/Unix/workplace/My_Project/Scrapy/venv/lib/python3.7/site-packages/scrapy/core/spidermw.py", line 84, in evaluate_iterable
    for r in iterable:
  File "/Volumes/Unix/workplace/My_Project/Scrapy/venv/lib/python3.7/site-packages/scrapy/spidermiddlewares/urllength.py", line 37, in <genexpr>
    return (r for r in result or () if _filter(r))
  File "/Volumes/Unix/workplace/My_Project/Scrapy/venv/lib/python3.7/site-packages/scrapy/core/spidermw.py", line 84, in evaluate_iterable
    for r in iterable:
  File "/Volumes/Unix/workplace/My_Project/Scrapy/venv/lib/python3.7/site-packages/scrapy/spidermiddlewares/depth.py", line 58, in <genexpr>
    return (r for r in result or () if _filter(r))
  File "/Volumes/Unix/workplace/My_Project/Scrapy/DoctorRating/DoctorRating/spiders/doctorrating_spider.py", line 71, in parse_doctor_ratings
    rating = np.array(rating_matrix).mean(axis=0).round(self.FLOAT_DECIMALS)
  File "/Volumes/Unix/workplace/My_Project/Scrapy/venv/lib/python3.7/site-packages/numpy/core/_methods.py", line 163, in _mean
    ret = ret / rcount
TypeError: unsupported operand type(s) for /: 'list' and 'int'
DEBUG: Crawled (200) <GET https://www.ratemds.com/hospital/us-wa-seattle-highline-community-hospital/#doctors> (referer: https://www.ratemds.com/facilities/wa/seattle/?page=4)
DEBUG: Crawled (200) <GET https://www.ratemds.com/doctor-ratings/56463/Dr-Thomas+D.-Lindquist-Bellevue-WA.html> (referer: https://www.ratemds.com/hospital/us-wa-seattle-virginia-mason-medical-center-182/?page=2)
DEBUG: Crawled (200) <GET https://www.ratemds.com/hospital/us-wa-seattle-va-puget-sound-health-care-syst/#doctors> (referer: https://www.ratemds.com/facilities/wa/seattle/?page=4)
DEBUG: Crawled (200) <GET https://www.ratemds.com/facilities/wa/seattle/?page=5> (referer: https://www.ratemds.com/facilities/wa/seattle/?page=4)
DEBUG: Crawled (200) <GET https://www.ratemds.com/clinic/us-wa-seattle-hallam-danial-k-md/#doctors> (referer: https://www.ratemds.com/facilities/wa/seattle/?page=4)
DEBUG: Scraped from <200 https://www.ratemds.com/doctor-ratings/56463/Dr-Thomas+D.-Lindquist-Bellevue-WA.html>
{'Doctor_Name': 'Dr. Thomas D. Lindquist',
 'Facility_Name': 'Virginia Mason Medical Center',
 'Helpfulness_Rating': 5.0,
 'Knowledge_Rating': 5.0,
 'Punctuality_Rating': 4.5,
 'Staff_Rating': 5.0}
DEBUG: Crawled (200) <GET https://www.ratemds.com/clinic/us-wa-seattle-gordon-a-sako-pllc/#doctors> (referer: https://www.ratemds.com/facilities/wa/seattle/?page=4)
DEBUG: Crawled (200) <GET https://www.ratemds.com/doctor-ratings/322942/Dr-Michael-Gluck-Seattle-WA.html> (referer: https://www.ratemds.com/hospital/us-wa-seattle-virginia-mason-medical-center-182/?page=2)
DEBUG: Scraped from <200 https://www.ratemds.com/doctor-ratings/322942/Dr-Michael-Gluck-Seattle-WA.html>
{'Doctor_Name': 'Dr. Michael Gluck',
 'Facility_Name': 'Virginia Mason Medical Center',
 'Helpfulness_Rating': 5.0,
 'Knowledge_Rating': 5.0,
 'Punctuality_Rating': 5.0,
 'Staff_Rating': 4.5}
DEBUG: Crawled (200) <GET https://www.ratemds.com/hospital/us-wa-seattle-university-of-washington-medical-center-316/#doctors> (referer: https://www.ratemds.com/facilities/wa/seattle/?page=4)
DEBUG: Crawled (200) <GET https://www.ratemds.com/doctor-ratings/304379/Dr-JOHN+L.-Petersen-Seattle-WA.html> (referer: https://www.ratemds.com/hospital/us-wa-seattle-harborview-medical-center-800/?page=3)
DEBUG: Crawled (200) <GET https://www.ratemds.com/doctor-ratings/1204012/Dr-Edward+M.-Weaver-Seattle-WA.html> (referer: https://www.ratemds.com/hospital/us-wa-seattle-harborview-medical-center-800/?page=3)
DEBUG: Crawled (200) <GET https://www.ratemds.com/hospital/us-wa-seattle-harborview-medical-center-800/?page=4#doctors> (referer: https://www.ratemds.com/hospital/us-wa-seattle-harborview-medical-center-800/?page=3)
DEBUG: Crawled (200) <GET https://www.ratemds.com/doctor-ratings/2517619/Dr-LEONARD+C.-ALTMAN-Seattle-WA.html> (referer: https://www.ratemds.com/hospital/us-wa-seattle-harborview-medical-center-800/?page=3)
DEBUG: Crawled (200) <GET https://www.ratemds.com/doctor-ratings/2738739/Dr-FREDERICK+P.-RIVARA-Seattle-WA.html> (referer: https://www.ratemds.com/hospital/us-wa-seattle-harborview-medical-center-800/?page=3)
DEBUG: Scraped from <200 https://www.ratemds.com/doctor-ratings/304379/Dr-JOHN+L.-Petersen-Seattle-WA.html>
{'Doctor_Name': 'Dr. JOHN L. Petersen',
 'Facility_Name': 'Harborview Medical Center',
 'Helpfulness_Rating': 0,
 'Knowledge_Rating': 0,
 'Punctuality_Rating': 0,
 'Staff_Rating': 0}
DEBUG: Scraped from <200 https://www.ratemds.com/doctor-ratings/1204012/Dr-Edward+M.-Weaver-Seattle-WA.html>
{'Doctor_Name': 'Dr. Edward M. Weaver',
 'Facility_Name': 'Harborview Medical Center',
 'Helpfulness_Rating': 0,
 'Knowledge_Rating': 0,
 'Punctuality_Rating': 0,
 'Staff_Rating': 0}
DEBUG: Scraped from <200 https://www.ratemds.com/doctor-ratings/2517619/Dr-LEONARD+C.-ALTMAN-Seattle-WA.html>
{'Doctor_Name': 'Dr. Leonard C. Altman',
 'Facility_Name': 'Harborview Medical Center',
 'Helpfulness_Rating': 0,
 'Knowledge_Rating': 0,
 'Punctuality_Rating': 0,
 'Staff_Rating': 0}
DEBUG: Scraped from <200 https://www.ratemds.com/doctor-ratings/2738739/Dr-FREDERICK+P.-RIVARA-Seattle-WA.html>
{'Doctor_Name': 'Dr. Frederick P. Rivara',
 'Facility_Name': 'Harborview Medical Center',
 'Helpfulness_Rating': 0,
 'Knowledge_Rating': 0,
 'Punctuality_Rating': 0,
 'Staff_Rating': 0}
DEBUG: Crawled (200) <GET https://www.ratemds.com/doctor-ratings/315606/Dr-David+J.-Lechner-Seattle-WA.html> (referer: https://www.ratemds.com/hospital/us-wa-seattle-harborview-medical-center-800/?page=3)
DEBUG: Crawled (200) <GET https://www.ratemds.com/doctor-ratings/116764/Dr-Leslie+P.-Wong-CLEVELAND-OH.html> (referer: https://www.ratemds.com/hospital/us-wa-seattle-swedish-medical-center-630/?page=2)
DEBUG: Crawled (200) <GET https://www.ratemds.com/hospital/us-wa-seattle-swedish-medical-center-630/?page=3#doctors> (referer: https://www.ratemds.com/hospital/us-wa-seattle-swedish-medical-center-630/?page=2)
DEBUG: Scraped from <200 https://www.ratemds.com/doctor-ratings/315606/Dr-David+J.-Lechner-Seattle-WA.html>
{'Doctor_Name': 'Dr. David J. Lechner',
 'Facility_Name': 'Harborview Medical Center',
 'Helpfulness_Rating': 0,
 'Knowledge_Rating': 0,
 'Punctuality_Rating': 0,
 'Staff_Rating': 0}
DEBUG: Scraped from <200 https://www.ratemds.com/doctor-ratings/116764/Dr-Leslie+P.-Wong-CLEVELAND-OH.html>
{'Doctor_Name': 'Dr. Leslie P. Wong',
 'Facility_Name': 'Swedish Medical Center',
 'Helpfulness_Rating': 5.0,
 'Knowledge_Rating': 5.0,
 'Punctuality_Rating': 4.667,
 'Staff_Rating': 5.0}
DEBUG: Crawled (200) <GET https://www.ratemds.com/doctor-ratings/880339/Dr-Daniel+L.-Downey-Seattle-WA.html> (referer: https://www.ratemds.com/hospital/us-wa-seattle-virginia-mason-medical-center-182/?page=3)
DEBUG: Crawled (200) <GET https://www.ratemds.com/doctor-ratings/2723758/Dr-ALAN+B.-ROTHBLATT-Seattle-WA.html> (referer: https://www.ratemds.com/hospital/us-wa-seattle-virginia-mason-medical-center-182/?page=3)
DEBUG: Crawled (200) <GET https://www.ratemds.com/doctor-ratings/681604/Dr-Daniel+S.-Frank-Seattle-WA.html> (referer: https://www.ratemds.com/hospital/us-wa-seattle-virginia-mason-medical-center-182/?page=3)
DEBUG: Scraped from <200 https://www.ratemds.com/doctor-ratings/880339/Dr-Daniel+L.-Downey-Seattle-WA.html>
{'Doctor_Name': 'Dr. Daniel L. Downey',
 'Facility_Name': 'Virginia Mason Medical Center',
 'Helpfulness_Rating': 5.0,
 'Knowledge_Rating': 5.0,
 'Punctuality_Rating': 5.0,
 'Staff_Rating': 5.0}
DEBUG: Scraped from <200 https://www.ratemds.com/doctor-ratings/2723758/Dr-ALAN+B.-ROTHBLATT-Seattle-WA.html>
{'Doctor_Name': 'Dr. Alan B. Rothblatt',
 'Facility_Name': 'Virginia Mason Medical Center',
 'Helpfulness_Rating': 5.0,
 'Knowledge_Rating': 5.0,
 'Punctuality_Rating': 5.0,
 'Staff_Rating': 5.0}
DEBUG: Crawled (200) <GET https://www.ratemds.com/doctor-ratings/2844130/Dr-LOUIS+W.-TRAVERSO-BOISE-ID.html> (referer: https://www.ratemds.com/hospital/us-wa-seattle-virginia-mason-medical-center-182/?page=3)
DEBUG: Crawled (200) <GET https://www.ratemds.com/doctor-ratings/1199172/Dr-Susanne+L.-Gee-Seattle-WA.html> (referer: https://www.ratemds.com/hospital/us-wa-seattle-highline-community-hospital/)
DEBUG: Scraped from <200 https://www.ratemds.com/doctor-ratings/681604/Dr-Daniel+S.-Frank-Seattle-WA.html>
{'Doctor_Name': 'Dr. Daniel S. Frank',
 'Facility_Name': 'Virginia Mason Medical Center',
 'Helpfulness_Rating': 5.0,
 'Knowledge_Rating': 5.0,
 'Punctuality_Rating': 5.0,
 'Staff_Rating': 5.0}
DEBUG: Scraped from <200 https://www.ratemds.com/doctor-ratings/2844130/Dr-LOUIS+W.-TRAVERSO-BOISE-ID.html>
{'Doctor_Name': 'Dr. Louis W. Traverso',
 'Facility_Name': 'Virginia Mason Medical Center',
 'Helpfulness_Rating': 5.0,
 'Knowledge_Rating': 5.0,
 'Punctuality_Rating': 5.0,
 'Staff_Rating': 5.0}
DEBUG: Crawled (200) <GET https://www.ratemds.com/doctor-ratings/2536078/Dr-GORDON+A.-SAKO-Seattle-WA.html> (referer: https://www.ratemds.com/clinic/us-wa-seattle-gordon-a-sako-pllc/)
DEBUG: Scraped from <200 https://www.ratemds.com/doctor-ratings/1199172/Dr-Susanne+L.-Gee-Seattle-WA.html>
{'Doctor_Name': 'Dr. Susanne L. Gee',
 'Facility_Name': 'Highline Community Hospital',
 'Helpfulness_Rating': 0,
 'Knowledge_Rating': 0,
 'Punctuality_Rating': 0,
 'Staff_Rating': 0}
DEBUG: Scraped from <200 https://www.ratemds.com/doctor-ratings/2536078/Dr-GORDON+A.-SAKO-Seattle-WA.html>
{'Doctor_Name': 'Dr. Gordon A. Sako',
 'Facility_Name': 'Gordon A Sako Pllc',
 'Helpfulness_Rating': 5.0,
 'Knowledge_Rating': 5.0,
 'Punctuality_Rating': 5.0,
 'Staff_Rating': 5.0}
DEBUG: Crawled (200) <GET https://www.ratemds.com/doctor-ratings/1201121/Dr-ROBERT+N.-Tyson-Kent-WA.html> (referer: https://www.ratemds.com/hospital/us-wa-seattle-highline-community-hospital/)
DEBUG: Scraped from <200 https://www.ratemds.com/doctor-ratings/1201121/Dr-ROBERT+N.-Tyson-Kent-WA.html>
{'Doctor_Name': 'Dr. ROBERT N. Tyson',
 'Facility_Name': 'Highline Community Hospital',
 'Helpfulness_Rating': 0,
 'Knowledge_Rating': 0,
 'Punctuality_Rating': 0,
 'Staff_Rating': 0}
DEBUG: Crawled (200) <GET https://www.ratemds.com/doctor-ratings/365309/Dr-Steven+R.-Hamilton-Seattle-WA.html> (referer: https://www.ratemds.com/hospital/us-wa-seattle-university-of-washington-medical-center-316/)
DEBUG: Crawled (200) <GET https://www.ratemds.com/doctor-ratings/897087/Dr-Peter+Andrew+(Drew)-Robilio-TACOMA-WA.html> (referer: https://www.ratemds.com/hospital/us-wa-seattle-university-of-washington-medical-center-316/)
DEBUG: Scraped from <200 https://www.ratemds.com/doctor-ratings/365309/Dr-Steven+R.-Hamilton-Seattle-WA.html>
{'Doctor_Name': 'Dr. Steven R. Hamilton',
 'Facility_Name': 'University Of Washington Medical Center',
 'Helpfulness_Rating': 3.0,
 'Knowledge_Rating': 4.5,
 'Punctuality_Rating': 3.0,
 'Staff_Rating': 3.5}
DEBUG: Scraped from <200 https://www.ratemds.com/doctor-ratings/897087/Dr-Peter+Andrew+(Drew)-Robilio-TACOMA-WA.html>
{'Doctor_Name': 'Dr. Peter Andrew (Drew) Robilio',
 'Facility_Name': 'University Of Washington Medical Center',
 'Helpfulness_Rating': 3.0,
 'Knowledge_Rating': 5.0,
 'Punctuality_Rating': 2.0,
 'Staff_Rating': 4.0}
DEBUG: Crawled (200) <GET https://www.ratemds.com/hospital/us-wa-seattle-harborview-medical-center-800/?page=5#doctors> (referer: https://www.ratemds.com/hospital/us-wa-seattle-harborview-medical-center-800/?page=4)
DEBUG: Crawled (200) <GET https://www.ratemds.com/doctor-ratings/2738644/Dr-KATHLEEN+C.-SIE-Seattle-WA.html> (referer: https://www.ratemds.com/hospital/us-wa-seattle-harborview-medical-center-800/?page=4)
DEBUG: Crawled (200) <GET https://www.ratemds.com/doctor-ratings/883194/Dr-Kristine+E.-Calhoun-Seattle-WA.html> (referer: https://www.ratemds.com/hospital/us-wa-seattle-university-of-washington-medical-center-316/)
DEBUG: Scraped from <200 https://www.ratemds.com/doctor-ratings/2738644/Dr-KATHLEEN+C.-SIE-Seattle-WA.html>
{'Doctor_Name': 'Dr. Kathleen C. Sie',
 'Facility_Name': 'Harborview Medical Center',
 'Helpfulness_Rating': 0,
 'Knowledge_Rating': 0,
 'Punctuality_Rating': 0,
 'Staff_Rating': 0}
DEBUG: Crawled (200) <GET https://www.ratemds.com/doctor-ratings/143648/Dr-Jane+E.-Hitti-EVERETT-WA.html> (referer: https://www.ratemds.com/hospital/us-wa-seattle-university-of-washington-medical-center-316/)
DEBUG: Scraped from <200 https://www.ratemds.com/doctor-ratings/883194/Dr-Kristine+E.-Calhoun-Seattle-WA.html>
{'Doctor_Name': 'Dr. Kristine E. Calhoun',
 'Facility_Name': 'University Of Washington Medical Center',
 'Helpfulness_Rating': 5.0,
 'Knowledge_Rating': 5.0,
 'Punctuality_Rating': 5.0,
 'Staff_Rating': 5.0}
DEBUG: Scraped from <200 https://www.ratemds.com/doctor-ratings/143648/Dr-Jane+E.-Hitti-EVERETT-WA.html>
{'Doctor_Name': 'Dr. Jane E. Hitti',
 'Facility_Name': 'University Of Washington Medical Center',
 'Helpfulness_Rating': 5.0,
 'Knowledge_Rating': 5.0,
 'Punctuality_Rating': 4.0,
 'Staff_Rating': 5.0}
DEBUG: Crawled (200) <GET https://www.ratemds.com/hospital/us-wa-seattle-university-of-washington-medical-center-316/?page=2#doctors> (referer: https://www.ratemds.com/hospital/us-wa-seattle-university-of-washington-medical-center-316/)
DEBUG: Crawled (200) <GET https://www.ratemds.com/doctor-ratings/2814758/Dr-EUGENE-HALAR-SEATTLE-WA.html> (referer: https://www.ratemds.com/hospital/us-wa-seattle-harborview-medical-center-800/?page=4)
DEBUG: Scraped from <200 https://www.ratemds.com/doctor-ratings/2814758/Dr-EUGENE-HALAR-SEATTLE-WA.html>
{'Doctor_Name': 'Dr. Eugene Halar',
 'Facility_Name': 'Harborview Medical Center',
 'Helpfulness_Rating': 0,
 'Knowledge_Rating': 0,
 'Punctuality_Rating': 0,
 'Staff_Rating': 0}
DEBUG: Crawled (200) <GET https://www.ratemds.com/hospital/us-wa-seattle-virginia-mason-medical-center-182/?page=4#doctors> (referer: https://www.ratemds.com/hospital/us-wa-seattle-virginia-mason-medical-center-182/?page=3)
DEBUG: Crawled (200) <GET https://www.ratemds.com/doctor-ratings/83830/Dr-Fredrick+A.-Matsen-Seattle-WA.html> (referer: https://www.ratemds.com/hospital/us-wa-seattle-swedish-medical-center-630/?page=3)
DEBUG: Crawled (200) <GET https://www.ratemds.com/doctor-ratings/878684/Dr-Dale+S.-Bloomquist-Seattle-WA.html> (referer: https://www.ratemds.com/hospital/us-wa-seattle-swedish-medical-center-630/?page=3)
ERROR: Spider error processing <GET https://www.ratemds.com/doctor-ratings/83830/Dr-Fredrick+A.-Matsen-Seattle-WA.html> (referer: https://www.ratemds.com/hospital/us-wa-seattle-swedish-medical-center-630/?page=3)
Traceback (most recent call last):
  File "/Volumes/Unix/workplace/My_Project/Scrapy/venv/lib/python3.7/site-packages/scrapy/utils/defer.py", line 102, in iter_errback
    yield next(it)
  File "/Volumes/Unix/workplace/My_Project/Scrapy/venv/lib/python3.7/site-packages/scrapy/core/spidermw.py", line 84, in evaluate_iterable
    for r in iterable:
  File "/Volumes/Unix/workplace/My_Project/Scrapy/venv/lib/python3.7/site-packages/scrapy/spidermiddlewares/offsite.py", line 29, in process_spider_output
    for x in result:
  File "/Volumes/Unix/workplace/My_Project/Scrapy/venv/lib/python3.7/site-packages/scrapy/core/spidermw.py", line 84, in evaluate_iterable
    for r in iterable:
  File "/Volumes/Unix/workplace/My_Project/Scrapy/venv/lib/python3.7/site-packages/scrapy/spidermiddlewares/referer.py", line 339, in <genexpr>
    return (_set_referer(r) for r in result or ())
  File "/Volumes/Unix/workplace/My_Project/Scrapy/venv/lib/python3.7/site-packages/scrapy/core/spidermw.py", line 84, in evaluate_iterable
    for r in iterable:
  File "/Volumes/Unix/workplace/My_Project/Scrapy/venv/lib/python3.7/site-packages/scrapy/spidermiddlewares/urllength.py", line 37, in <genexpr>
    return (r for r in result or () if _filter(r))
  File "/Volumes/Unix/workplace/My_Project/Scrapy/venv/lib/python3.7/site-packages/scrapy/core/spidermw.py", line 84, in evaluate_iterable
    for r in iterable:
  File "/Volumes/Unix/workplace/My_Project/Scrapy/venv/lib/python3.7/site-packages/scrapy/spidermiddlewares/depth.py", line 58, in <genexpr>
    return (r for r in result or () if _filter(r))
  File "/Volumes/Unix/workplace/My_Project/Scrapy/DoctorRating/DoctorRating/spiders/doctorrating_spider.py", line 71, in parse_doctor_ratings
    rating = np.array(rating_matrix).mean(axis=0).round(self.FLOAT_DECIMALS)
  File "/Volumes/Unix/workplace/My_Project/Scrapy/venv/lib/python3.7/site-packages/numpy/core/_methods.py", line 163, in _mean
    ret = ret / rcount
TypeError: unsupported operand type(s) for /: 'list' and 'int'
DEBUG: Crawled (200) <GET https://www.ratemds.com/doctor-ratings/39871/Dr-Linda+S.-Mihalov-Seattle-WA.html> (referer: https://www.ratemds.com/hospital/us-wa-seattle-swedish-medical-center-630/?page=3)
DEBUG: Crawled (200) <GET https://www.ratemds.com/doctor-ratings/342901/Dr-Daniel+P.-Froese-SEATTLE-WA.html> (referer: https://www.ratemds.com/hospital/us-wa-seattle-swedish-medical-center-630/?page=3)
ERROR: Spider error processing <GET https://www.ratemds.com/doctor-ratings/39871/Dr-Linda+S.-Mihalov-Seattle-WA.html> (referer: https://www.ratemds.com/hospital/us-wa-seattle-swedish-medical-center-630/?page=3)
Traceback (most recent call last):
  File "/Volumes/Unix/workplace/My_Project/Scrapy/venv/lib/python3.7/site-packages/scrapy/utils/defer.py", line 102, in iter_errback
    yield next(it)
  File "/Volumes/Unix/workplace/My_Project/Scrapy/venv/lib/python3.7/site-packages/scrapy/core/spidermw.py", line 84, in evaluate_iterable
    for r in iterable:
  File "/Volumes/Unix/workplace/My_Project/Scrapy/venv/lib/python3.7/site-packages/scrapy/spidermiddlewares/offsite.py", line 29, in process_spider_output
    for x in result:
  File "/Volumes/Unix/workplace/My_Project/Scrapy/venv/lib/python3.7/site-packages/scrapy/core/spidermw.py", line 84, in evaluate_iterable
    for r in iterable:
  File "/Volumes/Unix/workplace/My_Project/Scrapy/venv/lib/python3.7/site-packages/scrapy/spidermiddlewares/referer.py", line 339, in <genexpr>
    return (_set_referer(r) for r in result or ())
  File "/Volumes/Unix/workplace/My_Project/Scrapy/venv/lib/python3.7/site-packages/scrapy/core/spidermw.py", line 84, in evaluate_iterable
    for r in iterable:
  File "/Volumes/Unix/workplace/My_Project/Scrapy/venv/lib/python3.7/site-packages/scrapy/spidermiddlewares/urllength.py", line 37, in <genexpr>
    return (r for r in result or () if _filter(r))
  File "/Volumes/Unix/workplace/My_Project/Scrapy/venv/lib/python3.7/site-packages/scrapy/core/spidermw.py", line 84, in evaluate_iterable
    for r in iterable:
  File "/Volumes/Unix/workplace/My_Project/Scrapy/venv/lib/python3.7/site-packages/scrapy/spidermiddlewares/depth.py", line 58, in <genexpr>
    return (r for r in result or () if _filter(r))
  File "/Volumes/Unix/workplace/My_Project/Scrapy/DoctorRating/DoctorRating/spiders/doctorrating_spider.py", line 71, in parse_doctor_ratings
    rating = np.array(rating_matrix).mean(axis=0).round(self.FLOAT_DECIMALS)
  File "/Volumes/Unix/workplace/My_Project/Scrapy/venv/lib/python3.7/site-packages/numpy/core/_methods.py", line 163, in _mean
    ret = ret / rcount
TypeError: unsupported operand type(s) for /: 'list' and 'int'
DEBUG: Scraped from <200 https://www.ratemds.com/doctor-ratings/342901/Dr-Daniel+P.-Froese-SEATTLE-WA.html>
{'Doctor_Name': 'Dr. Daniel P. Froese',
 'Facility_Name': 'Swedish Medical Center',
 'Helpfulness_Rating': 4.0,
 'Knowledge_Rating': 4.5,
 'Punctuality_Rating': 4.5,
 'Staff_Rating': 4.5}
DEBUG: Crawled (200) <GET https://www.ratemds.com/doctor-ratings/43948/Dr-Richard+K.-Gould-Federal+Way-WA.html> (referer: https://www.ratemds.com/hospital/us-wa-seattle-swedish-medical-center-630/?page=3)
DEBUG: Crawled (200) <GET https://www.ratemds.com/hospital/us-wa-seattle-swedish-medical-center-630/?page=4#doctors> (referer: https://www.ratemds.com/hospital/us-wa-seattle-swedish-medical-center-630/?page=3)
DEBUG: Crawled (200) <GET https://www.ratemds.com/doctor-ratings/15023/Dr-Arti-Chandra-Seattle-WA.html> (referer: https://www.ratemds.com/hospital/us-wa-seattle-swedish-medical-center-630/?page=3)
ERROR: Spider error processing <GET https://www.ratemds.com/doctor-ratings/43948/Dr-Richard+K.-Gould-Federal+Way-WA.html> (referer: https://www.ratemds.com/hospital/us-wa-seattle-swedish-medical-center-630/?page=3)
Traceback (most recent call last):
  File "/Volumes/Unix/workplace/My_Project/Scrapy/venv/lib/python3.7/site-packages/scrapy/utils/defer.py", line 102, in iter_errback
    yield next(it)
  File "/Volumes/Unix/workplace/My_Project/Scrapy/venv/lib/python3.7/site-packages/scrapy/core/spidermw.py", line 84, in evaluate_iterable
    for r in iterable:
  File "/Volumes/Unix/workplace/My_Project/Scrapy/venv/lib/python3.7/site-packages/scrapy/spidermiddlewares/offsite.py", line 29, in process_spider_output
    for x in result:
  File "/Volumes/Unix/workplace/My_Project/Scrapy/venv/lib/python3.7/site-packages/scrapy/core/spidermw.py", line 84, in evaluate_iterable
    for r in iterable:
  File "/Volumes/Unix/workplace/My_Project/Scrapy/venv/lib/python3.7/site-packages/scrapy/spidermiddlewares/referer.py", line 339, in <genexpr>
    return (_set_referer(r) for r in result or ())
  File "/Volumes/Unix/workplace/My_Project/Scrapy/venv/lib/python3.7/site-packages/scrapy/core/spidermw.py", line 84, in evaluate_iterable
    for r in iterable:
  File "/Volumes/Unix/workplace/My_Project/Scrapy/venv/lib/python3.7/site-packages/scrapy/spidermiddlewares/urllength.py", line 37, in <genexpr>
    return (r for r in result or () if _filter(r))
  File "/Volumes/Unix/workplace/My_Project/Scrapy/venv/lib/python3.7/site-packages/scrapy/core/spidermw.py", line 84, in evaluate_iterable
    for r in iterable:
  File "/Volumes/Unix/workplace/My_Project/Scrapy/venv/lib/python3.7/site-packages/scrapy/spidermiddlewares/depth.py", line 58, in <genexpr>
    return (r for r in result or () if _filter(r))
  File "/Volumes/Unix/workplace/My_Project/Scrapy/DoctorRating/DoctorRating/spiders/doctorrating_spider.py", line 71, in parse_doctor_ratings
    rating = np.array(rating_matrix).mean(axis=0).round(self.FLOAT_DECIMALS)
  File "/Volumes/Unix/workplace/My_Project/Scrapy/venv/lib/python3.7/site-packages/numpy/core/_methods.py", line 163, in _mean
    ret = ret / rcount
TypeError: unsupported operand type(s) for /: 'list' and 'int'
ERROR: Spider error processing <GET https://www.ratemds.com/doctor-ratings/15023/Dr-Arti-Chandra-Seattle-WA.html> (referer: https://www.ratemds.com/hospital/us-wa-seattle-swedish-medical-center-630/?page=3)
Traceback (most recent call last):
  File "/Volumes/Unix/workplace/My_Project/Scrapy/venv/lib/python3.7/site-packages/scrapy/utils/defer.py", line 102, in iter_errback
    yield next(it)
  File "/Volumes/Unix/workplace/My_Project/Scrapy/venv/lib/python3.7/site-packages/scrapy/core/spidermw.py", line 84, in evaluate_iterable
    for r in iterable:
  File "/Volumes/Unix/workplace/My_Project/Scrapy/venv/lib/python3.7/site-packages/scrapy/spidermiddlewares/offsite.py", line 29, in process_spider_output
    for x in result:
  File "/Volumes/Unix/workplace/My_Project/Scrapy/venv/lib/python3.7/site-packages/scrapy/core/spidermw.py", line 84, in evaluate_iterable
    for r in iterable:
  File "/Volumes/Unix/workplace/My_Project/Scrapy/venv/lib/python3.7/site-packages/scrapy/spidermiddlewares/referer.py", line 339, in <genexpr>
    return (_set_referer(r) for r in result or ())
  File "/Volumes/Unix/workplace/My_Project/Scrapy/venv/lib/python3.7/site-packages/scrapy/core/spidermw.py", line 84, in evaluate_iterable
    for r in iterable:
  File "/Volumes/Unix/workplace/My_Project/Scrapy/venv/lib/python3.7/site-packages/scrapy/spidermiddlewares/urllength.py", line 37, in <genexpr>
    return (r for r in result or () if _filter(r))
  File "/Volumes/Unix/workplace/My_Project/Scrapy/venv/lib/python3.7/site-packages/scrapy/core/spidermw.py", line 84, in evaluate_iterable
    for r in iterable:
  File "/Volumes/Unix/workplace/My_Project/Scrapy/venv/lib/python3.7/site-packages/scrapy/spidermiddlewares/depth.py", line 58, in <genexpr>
    return (r for r in result or () if _filter(r))
  File "/Volumes/Unix/workplace/My_Project/Scrapy/DoctorRating/DoctorRating/spiders/doctorrating_spider.py", line 71, in parse_doctor_ratings
    rating = np.array(rating_matrix).mean(axis=0).round(self.FLOAT_DECIMALS)
  File "/Volumes/Unix/workplace/My_Project/Scrapy/venv/lib/python3.7/site-packages/numpy/core/_methods.py", line 163, in _mean
    ret = ret / rcount
TypeError: unsupported operand type(s) for /: 'list' and 'int'
DEBUG: Crawled (200) <GET https://www.ratemds.com/doctor-ratings/19862/Dr-James+A.-Taki-Seattle-WA.html> (referer: https://www.ratemds.com/hospital/us-wa-seattle-swedish-medical-center-630/?page=3)
ERROR: Spider error processing <GET https://www.ratemds.com/doctor-ratings/19862/Dr-James+A.-Taki-Seattle-WA.html> (referer: https://www.ratemds.com/hospital/us-wa-seattle-swedish-medical-center-630/?page=3)
Traceback (most recent call last):
  File "/Volumes/Unix/workplace/My_Project/Scrapy/venv/lib/python3.7/site-packages/scrapy/utils/defer.py", line 102, in iter_errback
    yield next(it)
  File "/Volumes/Unix/workplace/My_Project/Scrapy/venv/lib/python3.7/site-packages/scrapy/core/spidermw.py", line 84, in evaluate_iterable
    for r in iterable:
  File "/Volumes/Unix/workplace/My_Project/Scrapy/venv/lib/python3.7/site-packages/scrapy/spidermiddlewares/offsite.py", line 29, in process_spider_output
    for x in result:
  File "/Volumes/Unix/workplace/My_Project/Scrapy/venv/lib/python3.7/site-packages/scrapy/core/spidermw.py", line 84, in evaluate_iterable
    for r in iterable:
  File "/Volumes/Unix/workplace/My_Project/Scrapy/venv/lib/python3.7/site-packages/scrapy/spidermiddlewares/referer.py", line 339, in <genexpr>
    return (_set_referer(r) for r in result or ())
  File "/Volumes/Unix/workplace/My_Project/Scrapy/venv/lib/python3.7/site-packages/scrapy/core/spidermw.py", line 84, in evaluate_iterable
    for r in iterable:
  File "/Volumes/Unix/workplace/My_Project/Scrapy/venv/lib/python3.7/site-packages/scrapy/spidermiddlewares/urllength.py", line 37, in <genexpr>
    return (r for r in result or () if _filter(r))
  File "/Volumes/Unix/workplace/My_Project/Scrapy/venv/lib/python3.7/site-packages/scrapy/core/spidermw.py", line 84, in evaluate_iterable
    for r in iterable:
  File "/Volumes/Unix/workplace/My_Project/Scrapy/venv/lib/python3.7/site-packages/scrapy/spidermiddlewares/depth.py", line 58, in <genexpr>
    return (r for r in result or () if _filter(r))
  File "/Volumes/Unix/workplace/My_Project/Scrapy/DoctorRating/DoctorRating/spiders/doctorrating_spider.py", line 71, in parse_doctor_ratings
    rating = np.array(rating_matrix).mean(axis=0).round(self.FLOAT_DECIMALS)
  File "/Volumes/Unix/workplace/My_Project/Scrapy/venv/lib/python3.7/site-packages/numpy/core/_methods.py", line 163, in _mean
    ret = ret / rcount
TypeError: unsupported operand type(s) for /: 'list' and 'int'
DEBUG: Crawled (200) <GET https://www.ratemds.com/doctor-ratings/2354412/Dr-BONNIE+J.-WITRAK-Everett-WA.html> (referer: https://www.ratemds.com/hospital/us-wa-seattle-harborview-medical-center-800/?page=5)
DEBUG: Crawled (200) <GET https://www.ratemds.com/doctor-ratings/2756271/Dr-BRUCE+F.-CULLEN-Seattle-WA.html> (referer: https://www.ratemds.com/hospital/us-wa-seattle-harborview-medical-center-800/?page=4)
DEBUG: Crawled (200) <GET https://www.ratemds.com/doctor-ratings/3081297/Dr-DENIS+S.-SHORT-Normandy+Park-WA.html> (referer: https://www.ratemds.com/hospital/us-wa-seattle-harborview-medical-center-800/?page=5)
DEBUG: Crawled (200) <GET https://www.ratemds.com/doctor-ratings/110038/Dr-Richard+H.-Driscoll-SEATTLE-WA.html> (referer: https://www.ratemds.com/hospital/us-wa-seattle-swedish-medical-center-630/?page=3)
DEBUG: Scraped from <200 https://www.ratemds.com/doctor-ratings/2354412/Dr-BONNIE+J.-WITRAK-Everett-WA.html>
{'Doctor_Name': 'Dr. Bonnie J. Witrak',
 'Facility_Name': 'Harborview Medical Center',
 'Helpfulness_Rating': 0,
 'Knowledge_Rating': 0,
 'Punctuality_Rating': 0,
 'Staff_Rating': 0}
DEBUG: Scraped from <200 https://www.ratemds.com/doctor-ratings/2756271/Dr-BRUCE+F.-CULLEN-Seattle-WA.html>
{'Doctor_Name': 'Dr. Bruce F. Cullen',
 'Facility_Name': 'Harborview Medical Center',
 'Helpfulness_Rating': 0,
 'Knowledge_Rating': 0,
 'Punctuality_Rating': 0,
 'Staff_Rating': 0}
DEBUG: Crawled (200) <GET https://www.ratemds.com/doctor-ratings/2757094/Dr-RICHARD+W.-WHITTEN-Seattle-WA.html> (referer: https://www.ratemds.com/hospital/us-wa-seattle-harborview-medical-center-800/?page=4)
DEBUG: Crawled (200) <GET https://www.ratemds.com/doctor-ratings/2735911/Dr-ROBERT+W.-COOMBS-Seattle-WA.html> (referer: https://www.ratemds.com/hospital/us-wa-seattle-harborview-medical-center-800/?page=5)
DEBUG: Scraped from <200 https://www.ratemds.com/doctor-ratings/3081297/Dr-DENIS+S.-SHORT-Normandy+Park-WA.html>
{'Doctor_Name': 'Dr. Denis S. Short',
 'Facility_Name': 'Harborview Medical Center',
 'Helpfulness_Rating': 0,
 'Knowledge_Rating': 0,
 'Punctuality_Rating': 0,
 'Staff_Rating': 0}
ERROR: Spider error processing <GET https://www.ratemds.com/doctor-ratings/110038/Dr-Richard+H.-Driscoll-SEATTLE-WA.html> (referer: https://www.ratemds.com/hospital/us-wa-seattle-swedish-medical-center-630/?page=3)
Traceback (most recent call last):
  File "/Volumes/Unix/workplace/My_Project/Scrapy/venv/lib/python3.7/site-packages/scrapy/utils/defer.py", line 102, in iter_errback
    yield next(it)
  File "/Volumes/Unix/workplace/My_Project/Scrapy/venv/lib/python3.7/site-packages/scrapy/core/spidermw.py", line 84, in evaluate_iterable
    for r in iterable:
  File "/Volumes/Unix/workplace/My_Project/Scrapy/venv/lib/python3.7/site-packages/scrapy/spidermiddlewares/offsite.py", line 29, in process_spider_output
    for x in result:
  File "/Volumes/Unix/workplace/My_Project/Scrapy/venv/lib/python3.7/site-packages/scrapy/core/spidermw.py", line 84, in evaluate_iterable
    for r in iterable:
  File "/Volumes/Unix/workplace/My_Project/Scrapy/venv/lib/python3.7/site-packages/scrapy/spidermiddlewares/referer.py", line 339, in <genexpr>
    return (_set_referer(r) for r in result or ())
  File "/Volumes/Unix/workplace/My_Project/Scrapy/venv/lib/python3.7/site-packages/scrapy/core/spidermw.py", line 84, in evaluate_iterable
    for r in iterable:
  File "/Volumes/Unix/workplace/My_Project/Scrapy/venv/lib/python3.7/site-packages/scrapy/spidermiddlewares/urllength.py", line 37, in <genexpr>
    return (r for r in result or () if _filter(r))
  File "/Volumes/Unix/workplace/My_Project/Scrapy/venv/lib/python3.7/site-packages/scrapy/core/spidermw.py", line 84, in evaluate_iterable
    for r in iterable:
  File "/Volumes/Unix/workplace/My_Project/Scrapy/venv/lib/python3.7/site-packages/scrapy/spidermiddlewares/depth.py", line 58, in <genexpr>
    return (r for r in result or () if _filter(r))
  File "/Volumes/Unix/workplace/My_Project/Scrapy/DoctorRating/DoctorRating/spiders/doctorrating_spider.py", line 71, in parse_doctor_ratings
    rating = np.array(rating_matrix).mean(axis=0).round(self.FLOAT_DECIMALS)
  File "/Volumes/Unix/workplace/My_Project/Scrapy/venv/lib/python3.7/site-packages/numpy/core/_methods.py", line 163, in _mean
    ret = ret / rcount
TypeError: unsupported operand type(s) for /: 'list' and 'int'
DEBUG: Scraped from <200 https://www.ratemds.com/doctor-ratings/2757094/Dr-RICHARD+W.-WHITTEN-Seattle-WA.html>
{'Doctor_Name': 'Dr. Richard W. Whitten',
 'Facility_Name': 'Harborview Medical Center',
 'Helpfulness_Rating': 0,
 'Knowledge_Rating': 0,
 'Punctuality_Rating': 0,
 'Staff_Rating': 0}
DEBUG: Scraped from <200 https://www.ratemds.com/doctor-ratings/2735911/Dr-ROBERT+W.-COOMBS-Seattle-WA.html>
{'Doctor_Name': 'Dr. Robert W. Coombs',
 'Facility_Name': 'Harborview Medical Center',
 'Helpfulness_Rating': 0,
 'Knowledge_Rating': 0,
 'Punctuality_Rating': 0,
 'Staff_Rating': 0}
DEBUG: Crawled (200) <GET https://www.ratemds.com/doctor-ratings/2354350/Dr-JEFFREY-ROBINSON-EVERETT-WA.html> (referer: https://www.ratemds.com/hospital/us-wa-seattle-harborview-medical-center-800/?page=5)
DEBUG: Crawled (200) <GET https://www.ratemds.com/doctor-ratings/176100/Dr-Ken+L.-Kay-ISSAQUAH-WA.html> (referer: https://www.ratemds.com/hospital/us-wa-seattle-virginia-mason-medical-center-182/?page=4)
DEBUG: Crawled (200) <GET https://www.ratemds.com/doctor-ratings/159390/Dr-Jerry+A.-Molitor-Minneapolis-MN.html> (referer: https://www.ratemds.com/hospital/us-wa-seattle-virginia-mason-medical-center-182/?page=4)
DEBUG: Scraped from <200 https://www.ratemds.com/doctor-ratings/2354350/Dr-JEFFREY-ROBINSON-EVERETT-WA.html>
{'Doctor_Name': 'Dr. Jeffrey Robinson',
 'Facility_Name': 'Harborview Medical Center',
 'Helpfulness_Rating': 0,
 'Knowledge_Rating': 0,
 'Punctuality_Rating': 0,
 'Staff_Rating': 0}
DEBUG: Scraped from <200 https://www.ratemds.com/doctor-ratings/176100/Dr-Ken+L.-Kay-ISSAQUAH-WA.html>
{'Doctor_Name': 'Dr. Ken L. Kay',
 'Facility_Name': 'Virginia Mason Medical Center',
 'Helpfulness_Rating': 2.667,
 'Knowledge_Rating': 2.667,
 'Punctuality_Rating': 3.333,
 'Staff_Rating': 3.333}
DEBUG: Scraped from <200 https://www.ratemds.com/doctor-ratings/159390/Dr-Jerry+A.-Molitor-Minneapolis-MN.html>
{'Doctor_Name': 'Dr. Jerry A. Molitor',
 'Facility_Name': 'Virginia Mason Medical Center',
 'Helpfulness_Rating': 5.0,
 'Knowledge_Rating': 5.0,
 'Punctuality_Rating': 4.0,
 'Staff_Rating': 4.0}
DEBUG: Crawled (200) <GET https://www.ratemds.com/hospital/us-wa-seattle-university-of-washington-medical-center-316/?page=3#doctors> (referer: https://www.ratemds.com/hospital/us-wa-seattle-university-of-washington-medical-center-316/?page=2)
DEBUG: Crawled (200) <GET https://www.ratemds.com/doctor-ratings/878684/Dr-Dale+S.-Bloomquist-Seattle-WA.html?page=2> (referer: https://www.ratemds.com/doctor-ratings/878684/Dr-Dale+S.-Bloomquist-Seattle-WA.html)
DEBUG: Crawled (200) <GET https://www.ratemds.com/doctor-ratings/312845/Dr-Jerome+L.-Bushnell-Issaquah-WA.html> (referer: https://www.ratemds.com/hospital/us-wa-seattle-virginia-mason-medical-center-182/?page=4)
DEBUG: Crawled (200) <GET https://www.ratemds.com/doctor-ratings/809908/Dr-Larry-Gordon-Port+Angeles-WA.html> (referer: https://www.ratemds.com/hospital/us-wa-seattle-virginia-mason-medical-center-182/?page=4)
DEBUG: Crawled (200) <GET https://www.ratemds.com/hospital/us-wa-seattle-virginia-mason-medical-center-182/?page=5#doctors> (referer: https://www.ratemds.com/hospital/us-wa-seattle-virginia-mason-medical-center-182/?page=4)
DEBUG: Scraped from <200 https://www.ratemds.com/doctor-ratings/878684/Dr-Dale+S.-Bloomquist-Seattle-WA.html?page=2>
{'Doctor_Name': 'Dr. Dale S. Bloomquist',
 'Facility_Name': 'Swedish Medical Center',
 'Helpfulness_Rating': 2.786,
 'Knowledge_Rating': 3.786,
 'Punctuality_Rating': 3.857,
 'Staff_Rating': 3.143}
DEBUG: Scraped from <200 https://www.ratemds.com/doctor-ratings/312845/Dr-Jerome+L.-Bushnell-Issaquah-WA.html>
{'Doctor_Name': 'Dr. Jerome L. Bushnell',
 'Facility_Name': 'Virginia Mason Medical Center',
 'Helpfulness_Rating': 5.0,
 'Knowledge_Rating': 5.0,
 'Punctuality_Rating': 4.0,
 'Staff_Rating': 4.0}
DEBUG: Scraped from <200 https://www.ratemds.com/doctor-ratings/809908/Dr-Larry-Gordon-Port+Angeles-WA.html>
{'Doctor_Name': 'Dr. Larry Gordon',
 'Facility_Name': 'Virginia Mason Medical Center',
 'Helpfulness_Rating': 3.5,
 'Knowledge_Rating': 4.0,
 'Punctuality_Rating': 3.0,
 'Staff_Rating': 3.5}
DEBUG: Crawled (200) <GET https://www.ratemds.com/doctor-ratings/877663/Dr-Marc+A.-Kravette-Seattle-WA.html> (referer: https://www.ratemds.com/hospital/us-wa-seattle-virginia-mason-medical-center-182/?page=4)
DEBUG: Scraped from <200 https://www.ratemds.com/doctor-ratings/877663/Dr-Marc+A.-Kravette-Seattle-WA.html>
{'Doctor_Name': 'Dr. Marc A. Kravette',
 'Facility_Name': 'Virginia Mason Medical Center',
 'Helpfulness_Rating': 2.333,
 'Knowledge_Rating': 2.667,
 'Punctuality_Rating': 4.0,
 'Staff_Rating': 3.667}
DEBUG: Crawled (200) <GET https://www.ratemds.com/doctor-ratings/163321/Dr-Brian+E.-Louie-Seattle-WA.html> (referer: https://www.ratemds.com/hospital/us-wa-seattle-swedish-medical-center-630/?page=4)
DEBUG: Scraped from <200 https://www.ratemds.com/doctor-ratings/163321/Dr-Brian+E.-Louie-Seattle-WA.html>
{'Doctor_Name': 'Dr. Brian E. Louie',
 'Facility_Name': 'Swedish Medical Center',
 'Helpfulness_Rating': 4.0,
 'Knowledge_Rating': 4.2,
 'Punctuality_Rating': 3.6,
 'Staff_Rating': 3.6}
DEBUG: Crawled (200) <GET https://www.ratemds.com/doctor-ratings/19130/Dr-Ann-Bridges-Seattle-WA.html> (referer: https://www.ratemds.com/hospital/us-wa-seattle-swedish-medical-center-630/?page=4)
DEBUG: Crawled (200) <GET https://www.ratemds.com/doctor-ratings/388899/Dr-Charles+A.-Peterson+II-Seattle-WA.html> (referer: https://www.ratemds.com/hospital/us-wa-seattle-swedish-medical-center-630/?page=4)
ERROR: Spider error processing <GET https://www.ratemds.com/doctor-ratings/19130/Dr-Ann-Bridges-Seattle-WA.html> (referer: https://www.ratemds.com/hospital/us-wa-seattle-swedish-medical-center-630/?page=4)
Traceback (most recent call last):
  File "/Volumes/Unix/workplace/My_Project/Scrapy/venv/lib/python3.7/site-packages/scrapy/utils/defer.py", line 102, in iter_errback
    yield next(it)
  File "/Volumes/Unix/workplace/My_Project/Scrapy/venv/lib/python3.7/site-packages/scrapy/core/spidermw.py", line 84, in evaluate_iterable
    for r in iterable:
  File "/Volumes/Unix/workplace/My_Project/Scrapy/venv/lib/python3.7/site-packages/scrapy/spidermiddlewares/offsite.py", line 29, in process_spider_output
    for x in result:
  File "/Volumes/Unix/workplace/My_Project/Scrapy/venv/lib/python3.7/site-packages/scrapy/core/spidermw.py", line 84, in evaluate_iterable
    for r in iterable:
  File "/Volumes/Unix/workplace/My_Project/Scrapy/venv/lib/python3.7/site-packages/scrapy/spidermiddlewares/referer.py", line 339, in <genexpr>
    return (_set_referer(r) for r in result or ())
  File "/Volumes/Unix/workplace/My_Project/Scrapy/venv/lib/python3.7/site-packages/scrapy/core/spidermw.py", line 84, in evaluate_iterable
    for r in iterable:
  File "/Volumes/Unix/workplace/My_Project/Scrapy/venv/lib/python3.7/site-packages/scrapy/spidermiddlewares/urllength.py", line 37, in <genexpr>
    return (r for r in result or () if _filter(r))
  File "/Volumes/Unix/workplace/My_Project/Scrapy/venv/lib/python3.7/site-packages/scrapy/core/spidermw.py", line 84, in evaluate_iterable
    for r in iterable:
  File "/Volumes/Unix/workplace/My_Project/Scrapy/venv/lib/python3.7/site-packages/scrapy/spidermiddlewares/depth.py", line 58, in <genexpr>
    return (r for r in result or () if _filter(r))
  File "/Volumes/Unix/workplace/My_Project/Scrapy/DoctorRating/DoctorRating/spiders/doctorrating_spider.py", line 71, in parse_doctor_ratings
    rating = np.array(rating_matrix).mean(axis=0).round(self.FLOAT_DECIMALS)
  File "/Volumes/Unix/workplace/My_Project/Scrapy/venv/lib/python3.7/site-packages/numpy/core/_methods.py", line 163, in _mean
    ret = ret / rcount
TypeError: unsupported operand type(s) for /: 'list' and 'int'
DEBUG: Scraped from <200 https://www.ratemds.com/doctor-ratings/388899/Dr-Charles+A.-Peterson+II-Seattle-WA.html>
{'Doctor_Name': 'Dr. Charles A. Peterson II',
 'Facility_Name': 'Swedish Medical Center',
 'Helpfulness_Rating': 5.0,
 'Knowledge_Rating': 5.0,
 'Punctuality_Rating': 5.0,
 'Staff_Rating': 5.0}
DEBUG: Crawled (200) <GET https://www.ratemds.com/doctor-ratings/22632/Dr-Bradley-Harris-Seattle-WA.html> (referer: https://www.ratemds.com/hospital/us-wa-seattle-swedish-medical-center-630/?page=4)
DEBUG: Crawled (200) <GET https://www.ratemds.com/doctor-ratings/19863/Dr-David+W.-Buchholz-SAN+FRANCISCO-CA.html> (referer: https://www.ratemds.com/hospital/us-wa-seattle-swedish-medical-center-630/?page=4)
DEBUG: Crawled (200) <GET https://www.ratemds.com/doctor-ratings/80562/Dr-Paul+S.-Abdallah-SEATTLE-WA.html> (referer: https://www.ratemds.com/hospital/us-wa-seattle-swedish-medical-center-630/?page=4)
ERROR: Spider error processing <GET https://www.ratemds.com/doctor-ratings/22632/Dr-Bradley-Harris-Seattle-WA.html> (referer: https://www.ratemds.com/hospital/us-wa-seattle-swedish-medical-center-630/?page=4)
Traceback (most recent call last):
  File "/Volumes/Unix/workplace/My_Project/Scrapy/venv/lib/python3.7/site-packages/scrapy/utils/defer.py", line 102, in iter_errback
    yield next(it)
  File "/Volumes/Unix/workplace/My_Project/Scrapy/venv/lib/python3.7/site-packages/scrapy/core/spidermw.py", line 84, in evaluate_iterable
    for r in iterable:
  File "/Volumes/Unix/workplace/My_Project/Scrapy/venv/lib/python3.7/site-packages/scrapy/spidermiddlewares/offsite.py", line 29, in process_spider_output
    for x in result:
  File "/Volumes/Unix/workplace/My_Project/Scrapy/venv/lib/python3.7/site-packages/scrapy/core/spidermw.py", line 84, in evaluate_iterable
    for r in iterable:
  File "/Volumes/Unix/workplace/My_Project/Scrapy/venv/lib/python3.7/site-packages/scrapy/spidermiddlewares/referer.py", line 339, in <genexpr>
    return (_set_referer(r) for r in result or ())
  File "/Volumes/Unix/workplace/My_Project/Scrapy/venv/lib/python3.7/site-packages/scrapy/core/spidermw.py", line 84, in evaluate_iterable
    for r in iterable:
  File "/Volumes/Unix/workplace/My_Project/Scrapy/venv/lib/python3.7/site-packages/scrapy/spidermiddlewares/urllength.py", line 37, in <genexpr>
    return (r for r in result or () if _filter(r))
  File "/Volumes/Unix/workplace/My_Project/Scrapy/venv/lib/python3.7/site-packages/scrapy/core/spidermw.py", line 84, in evaluate_iterable
    for r in iterable:
  File "/Volumes/Unix/workplace/My_Project/Scrapy/venv/lib/python3.7/site-packages/scrapy/spidermiddlewares/depth.py", line 58, in <genexpr>
    return (r for r in result or () if _filter(r))
  File "/Volumes/Unix/workplace/My_Project/Scrapy/DoctorRating/DoctorRating/spiders/doctorrating_spider.py", line 71, in parse_doctor_ratings
    rating = np.array(rating_matrix).mean(axis=0).round(self.FLOAT_DECIMALS)
  File "/Volumes/Unix/workplace/My_Project/Scrapy/venv/lib/python3.7/site-packages/numpy/core/_methods.py", line 163, in _mean
    ret = ret / rcount
TypeError: unsupported operand type(s) for /: 'list' and 'int'
DEBUG: Crawled (200) <GET https://www.ratemds.com/doctor-ratings/42040/Dr-Richard+E.-Bensinger-Seattle-WA.html> (referer: https://www.ratemds.com/hospital/us-wa-seattle-swedish-medical-center-630/?page=4)
ERROR: Spider error processing <GET https://www.ratemds.com/doctor-ratings/19863/Dr-David+W.-Buchholz-SAN+FRANCISCO-CA.html> (referer: https://www.ratemds.com/hospital/us-wa-seattle-swedish-medical-center-630/?page=4)
Traceback (most recent call last):
  File "/Volumes/Unix/workplace/My_Project/Scrapy/venv/lib/python3.7/site-packages/scrapy/utils/defer.py", line 102, in iter_errback
    yield next(it)
  File "/Volumes/Unix/workplace/My_Project/Scrapy/venv/lib/python3.7/site-packages/scrapy/core/spidermw.py", line 84, in evaluate_iterable
    for r in iterable:
  File "/Volumes/Unix/workplace/My_Project/Scrapy/venv/lib/python3.7/site-packages/scrapy/spidermiddlewares/offsite.py", line 29, in process_spider_output
    for x in result:
  File "/Volumes/Unix/workplace/My_Project/Scrapy/venv/lib/python3.7/site-packages/scrapy/core/spidermw.py", line 84, in evaluate_iterable
    for r in iterable:
  File "/Volumes/Unix/workplace/My_Project/Scrapy/venv/lib/python3.7/site-packages/scrapy/spidermiddlewares/referer.py", line 339, in <genexpr>
    return (_set_referer(r) for r in result or ())
  File "/Volumes/Unix/workplace/My_Project/Scrapy/venv/lib/python3.7/site-packages/scrapy/core/spidermw.py", line 84, in evaluate_iterable
    for r in iterable:
  File "/Volumes/Unix/workplace/My_Project/Scrapy/venv/lib/python3.7/site-packages/scrapy/spidermiddlewares/urllength.py", line 37, in <genexpr>
    return (r for r in result or () if _filter(r))
  File "/Volumes/Unix/workplace/My_Project/Scrapy/venv/lib/python3.7/site-packages/scrapy/core/spidermw.py", line 84, in evaluate_iterable
    for r in iterable:
  File "/Volumes/Unix/workplace/My_Project/Scrapy/venv/lib/python3.7/site-packages/scrapy/spidermiddlewares/depth.py", line 58, in <genexpr>
    return (r for r in result or () if _filter(r))
  File "/Volumes/Unix/workplace/My_Project/Scrapy/DoctorRating/DoctorRating/spiders/doctorrating_spider.py", line 71, in parse_doctor_ratings
    rating = np.array(rating_matrix).mean(axis=0).round(self.FLOAT_DECIMALS)
  File "/Volumes/Unix/workplace/My_Project/Scrapy/venv/lib/python3.7/site-packages/numpy/core/_methods.py", line 163, in _mean
    ret = ret / rcount
TypeError: unsupported operand type(s) for /: 'list' and 'int'
DEBUG: Scraped from <200 https://www.ratemds.com/doctor-ratings/80562/Dr-Paul+S.-Abdallah-SEATTLE-WA.html>
{'Doctor_Name': 'Dr. Paul S. Abdallah',
 'Facility_Name': 'Swedish Medical Center',
 'Helpfulness_Rating': 5.0,
 'Knowledge_Rating': 5.0,
 'Punctuality_Rating': 5.0,
 'Staff_Rating': 5.0}
DEBUG: Crawled (200) <GET https://www.ratemds.com/hospital/us-wa-seattle-swedish-medical-center-630/?page=5#doctors> (referer: https://www.ratemds.com/hospital/us-wa-seattle-swedish-medical-center-630/?page=4)
ERROR: Spider error processing <GET https://www.ratemds.com/doctor-ratings/42040/Dr-Richard+E.-Bensinger-Seattle-WA.html> (referer: https://www.ratemds.com/hospital/us-wa-seattle-swedish-medical-center-630/?page=4)
Traceback (most recent call last):
  File "/Volumes/Unix/workplace/My_Project/Scrapy/venv/lib/python3.7/site-packages/scrapy/utils/defer.py", line 102, in iter_errback
    yield next(it)
  File "/Volumes/Unix/workplace/My_Project/Scrapy/venv/lib/python3.7/site-packages/scrapy/core/spidermw.py", line 84, in evaluate_iterable
    for r in iterable:
  File "/Volumes/Unix/workplace/My_Project/Scrapy/venv/lib/python3.7/site-packages/scrapy/spidermiddlewares/offsite.py", line 29, in process_spider_output
    for x in result:
  File "/Volumes/Unix/workplace/My_Project/Scrapy/venv/lib/python3.7/site-packages/scrapy/core/spidermw.py", line 84, in evaluate_iterable
    for r in iterable:
  File "/Volumes/Unix/workplace/My_Project/Scrapy/venv/lib/python3.7/site-packages/scrapy/spidermiddlewares/referer.py", line 339, in <genexpr>
    return (_set_referer(r) for r in result or ())
  File "/Volumes/Unix/workplace/My_Project/Scrapy/venv/lib/python3.7/site-packages/scrapy/core/spidermw.py", line 84, in evaluate_iterable
    for r in iterable:
  File "/Volumes/Unix/workplace/My_Project/Scrapy/venv/lib/python3.7/site-packages/scrapy/spidermiddlewares/urllength.py", line 37, in <genexpr>
    return (r for r in result or () if _filter(r))
  File "/Volumes/Unix/workplace/My_Project/Scrapy/venv/lib/python3.7/site-packages/scrapy/core/spidermw.py", line 84, in evaluate_iterable
    for r in iterable:
  File "/Volumes/Unix/workplace/My_Project/Scrapy/venv/lib/python3.7/site-packages/scrapy/spidermiddlewares/depth.py", line 58, in <genexpr>
    return (r for r in result or () if _filter(r))
  File "/Volumes/Unix/workplace/My_Project/Scrapy/DoctorRating/DoctorRating/spiders/doctorrating_spider.py", line 71, in parse_doctor_ratings
    rating = np.array(rating_matrix).mean(axis=0).round(self.FLOAT_DECIMALS)
  File "/Volumes/Unix/workplace/My_Project/Scrapy/venv/lib/python3.7/site-packages/numpy/core/_methods.py", line 163, in _mean
    ret = ret / rcount
TypeError: unsupported operand type(s) for /: 'list' and 'int'
DEBUG: Crawled (200) <GET https://www.ratemds.com/doctor-ratings/160834/Dr-Michael+S-Kennedy-SEATTLE-WA.html> (referer: https://www.ratemds.com/hospital/us-wa-seattle-swedish-medical-center-630/?page=4)
DEBUG: Crawled (200) <GET https://www.ratemds.com/doctor-ratings/17661/Dr-Rosemary-Agostini-Seattle-WA.html> (referer: https://www.ratemds.com/hospital/us-wa-seattle-virginia-mason-medical-center-182/?page=4)
INFO: Received SIGINT, shutting down gracefully. Send again to force 
INFO: Closing spider (shutdown)
ERROR: Spider error processing <GET https://www.ratemds.com/doctor-ratings/160834/Dr-Michael+S-Kennedy-SEATTLE-WA.html> (referer: https://www.ratemds.com/hospital/us-wa-seattle-swedish-medical-center-630/?page=4)
Traceback (most recent call last):
  File "/Volumes/Unix/workplace/My_Project/Scrapy/venv/lib/python3.7/site-packages/scrapy/utils/defer.py", line 102, in iter_errback
    yield next(it)
  File "/Volumes/Unix/workplace/My_Project/Scrapy/venv/lib/python3.7/site-packages/scrapy/core/spidermw.py", line 84, in evaluate_iterable
    for r in iterable:
  File "/Volumes/Unix/workplace/My_Project/Scrapy/venv/lib/python3.7/site-packages/scrapy/spidermiddlewares/offsite.py", line 29, in process_spider_output
    for x in result:
  File "/Volumes/Unix/workplace/My_Project/Scrapy/venv/lib/python3.7/site-packages/scrapy/core/spidermw.py", line 84, in evaluate_iterable
    for r in iterable:
  File "/Volumes/Unix/workplace/My_Project/Scrapy/venv/lib/python3.7/site-packages/scrapy/spidermiddlewares/referer.py", line 339, in <genexpr>
    return (_set_referer(r) for r in result or ())
  File "/Volumes/Unix/workplace/My_Project/Scrapy/venv/lib/python3.7/site-packages/scrapy/core/spidermw.py", line 84, in evaluate_iterable
    for r in iterable:
  File "/Volumes/Unix/workplace/My_Project/Scrapy/venv/lib/python3.7/site-packages/scrapy/spidermiddlewares/urllength.py", line 37, in <genexpr>
    return (r for r in result or () if _filter(r))
  File "/Volumes/Unix/workplace/My_Project/Scrapy/venv/lib/python3.7/site-packages/scrapy/core/spidermw.py", line 84, in evaluate_iterable
    for r in iterable:
  File "/Volumes/Unix/workplace/My_Project/Scrapy/venv/lib/python3.7/site-packages/scrapy/spidermiddlewares/depth.py", line 58, in <genexpr>
    return (r for r in result or () if _filter(r))
  File "/Volumes/Unix/workplace/My_Project/Scrapy/DoctorRating/DoctorRating/spiders/doctorrating_spider.py", line 71, in parse_doctor_ratings
    rating = np.array(rating_matrix).mean(axis=0).round(self.FLOAT_DECIMALS)
  File "/Volumes/Unix/workplace/My_Project/Scrapy/venv/lib/python3.7/site-packages/numpy/core/_methods.py", line 163, in _mean
    ret = ret / rcount
TypeError: unsupported operand type(s) for /: 'list' and 'int'
DEBUG: Crawled (200) <GET https://www.ratemds.com/doctor-ratings/6342/Dr-Kristine+J.-Rinn-Seattle-WA.html> (referer: https://www.ratemds.com/hospital/us-wa-seattle-swedish-medical-center-630/?page=4)
ERROR: Spider error processing <GET https://www.ratemds.com/doctor-ratings/17661/Dr-Rosemary-Agostini-Seattle-WA.html> (referer: https://www.ratemds.com/hospital/us-wa-seattle-virginia-mason-medical-center-182/?page=4)
Traceback (most recent call last):
  File "/Volumes/Unix/workplace/My_Project/Scrapy/venv/lib/python3.7/site-packages/scrapy/utils/defer.py", line 102, in iter_errback
    yield next(it)
  File "/Volumes/Unix/workplace/My_Project/Scrapy/venv/lib/python3.7/site-packages/scrapy/core/spidermw.py", line 84, in evaluate_iterable
    for r in iterable:
  File "/Volumes/Unix/workplace/My_Project/Scrapy/venv/lib/python3.7/site-packages/scrapy/spidermiddlewares/offsite.py", line 29, in process_spider_output
    for x in result:
  File "/Volumes/Unix/workplace/My_Project/Scrapy/venv/lib/python3.7/site-packages/scrapy/core/spidermw.py", line 84, in evaluate_iterable
    for r in iterable:
  File "/Volumes/Unix/workplace/My_Project/Scrapy/venv/lib/python3.7/site-packages/scrapy/spidermiddlewares/referer.py", line 339, in <genexpr>
    return (_set_referer(r) for r in result or ())
  File "/Volumes/Unix/workplace/My_Project/Scrapy/venv/lib/python3.7/site-packages/scrapy/core/spidermw.py", line 84, in evaluate_iterable
    for r in iterable:
  File "/Volumes/Unix/workplace/My_Project/Scrapy/venv/lib/python3.7/site-packages/scrapy/spidermiddlewares/urllength.py", line 37, in <genexpr>
    return (r for r in result or () if _filter(r))
  File "/Volumes/Unix/workplace/My_Project/Scrapy/venv/lib/python3.7/site-packages/scrapy/core/spidermw.py", line 84, in evaluate_iterable
    for r in iterable:
  File "/Volumes/Unix/workplace/My_Project/Scrapy/venv/lib/python3.7/site-packages/scrapy/spidermiddlewares/depth.py", line 58, in <genexpr>
    return (r for r in result or () if _filter(r))
  File "/Volumes/Unix/workplace/My_Project/Scrapy/DoctorRating/DoctorRating/spiders/doctorrating_spider.py", line 71, in parse_doctor_ratings
    rating = np.array(rating_matrix).mean(axis=0).round(self.FLOAT_DECIMALS)
  File "/Volumes/Unix/workplace/My_Project/Scrapy/venv/lib/python3.7/site-packages/numpy/core/_methods.py", line 163, in _mean
    ret = ret / rcount
TypeError: unsupported operand type(s) for /: 'list' and 'int'
DEBUG: Crawled (200) <GET https://www.ratemds.com/doctor-ratings/2345517/Dr-JOHN-QUEENAN-WASHINGTON-DC.html> (referer: https://www.ratemds.com/hospital/us-wa-seattle-university-of-washington-medical-center-316/?page=3)
DEBUG: Crawled (200) <GET https://www.ratemds.com/doctor-ratings/2640962/Dr-RICHARD-THIRLBY-SEATTLE-WA.html> (referer: https://www.ratemds.com/hospital/us-wa-seattle-virginia-mason-medical-center-182/?page=4)
ERROR: Spider error processing <GET https://www.ratemds.com/doctor-ratings/6342/Dr-Kristine+J.-Rinn-Seattle-WA.html> (referer: https://www.ratemds.com/hospital/us-wa-seattle-swedish-medical-center-630/?page=4)
Traceback (most recent call last):
  File "/Volumes/Unix/workplace/My_Project/Scrapy/venv/lib/python3.7/site-packages/scrapy/utils/defer.py", line 102, in iter_errback
    yield next(it)
  File "/Volumes/Unix/workplace/My_Project/Scrapy/venv/lib/python3.7/site-packages/scrapy/core/spidermw.py", line 84, in evaluate_iterable
    for r in iterable:
  File "/Volumes/Unix/workplace/My_Project/Scrapy/venv/lib/python3.7/site-packages/scrapy/spidermiddlewares/offsite.py", line 29, in process_spider_output
    for x in result:
  File "/Volumes/Unix/workplace/My_Project/Scrapy/venv/lib/python3.7/site-packages/scrapy/core/spidermw.py", line 84, in evaluate_iterable
    for r in iterable:
  File "/Volumes/Unix/workplace/My_Project/Scrapy/venv/lib/python3.7/site-packages/scrapy/spidermiddlewares/referer.py", line 339, in <genexpr>
    return (_set_referer(r) for r in result or ())
  File "/Volumes/Unix/workplace/My_Project/Scrapy/venv/lib/python3.7/site-packages/scrapy/core/spidermw.py", line 84, in evaluate_iterable
    for r in iterable:
  File "/Volumes/Unix/workplace/My_Project/Scrapy/venv/lib/python3.7/site-packages/scrapy/spidermiddlewares/urllength.py", line 37, in <genexpr>
    return (r for r in result or () if _filter(r))
  File "/Volumes/Unix/workplace/My_Project/Scrapy/venv/lib/python3.7/site-packages/scrapy/core/spidermw.py", line 84, in evaluate_iterable
    for r in iterable:
  File "/Volumes/Unix/workplace/My_Project/Scrapy/venv/lib/python3.7/site-packages/scrapy/spidermiddlewares/depth.py", line 58, in <genexpr>
    return (r for r in result or () if _filter(r))
  File "/Volumes/Unix/workplace/My_Project/Scrapy/DoctorRating/DoctorRating/spiders/doctorrating_spider.py", line 71, in parse_doctor_ratings
    rating = np.array(rating_matrix).mean(axis=0).round(self.FLOAT_DECIMALS)
  File "/Volumes/Unix/workplace/My_Project/Scrapy/venv/lib/python3.7/site-packages/numpy/core/_methods.py", line 163, in _mean
    ret = ret / rcount
TypeError: unsupported operand type(s) for /: 'list' and 'int'
DEBUG: Crawled (200) <GET https://www.ratemds.com/doctor-ratings/176128/Dr-Maureen+A.-Koval-BAINBRIDGE+ISLAND-WA.html> (referer: https://www.ratemds.com/hospital/us-wa-seattle-virginia-mason-medical-center-182/?page=4)
DEBUG: Scraped from <200 https://www.ratemds.com/doctor-ratings/2345517/Dr-JOHN-QUEENAN-WASHINGTON-DC.html>
{'Doctor_Name': 'Dr. John Queenan',
 'Facility_Name': 'University Of Washington Medical Center',
 'Helpfulness_Rating': 0,
 'Knowledge_Rating': 0,
 'Punctuality_Rating': 0,
 'Staff_Rating': 0}
DEBUG: Scraped from <200 https://www.ratemds.com/doctor-ratings/2640962/Dr-RICHARD-THIRLBY-SEATTLE-WA.html>
{'Doctor_Name': 'Dr. Richard Thirlby',
 'Facility_Name': 'Virginia Mason Medical Center',
 'Helpfulness_Rating': 5.0,
 'Knowledge_Rating': 5.0,
 'Punctuality_Rating': 5.0,
 'Staff_Rating': 5.0}
DEBUG: Scraped from <200 https://www.ratemds.com/doctor-ratings/176128/Dr-Maureen+A.-Koval-BAINBRIDGE+ISLAND-WA.html>
{'Doctor_Name': 'Dr. Maureen A. Koval',
 'Facility_Name': 'Virginia Mason Medical Center',
 'Helpfulness_Rating': 3.0,
 'Knowledge_Rating': 3.0,
 'Punctuality_Rating': 3.25,
 'Staff_Rating': 3.25}
DEBUG: Crawled (200) <GET https://www.ratemds.com/doctor-ratings/34532/Dr-Michael+A.-Elliott-SEATTLE-WA.html> (referer: https://www.ratemds.com/hospital/us-wa-seattle-virginia-mason-medical-center-182/?page=5)
DEBUG: Crawled (200) <GET https://www.ratemds.com/doctor-ratings/91526/Dr-Mark+D.-Fischer-Port+Angeles-WA.html> (referer: https://www.ratemds.com/hospital/us-wa-seattle-virginia-mason-medical-center-182/?page=5)
DEBUG: Crawled (200) <GET https://www.ratemds.com/hospital/us-wa-seattle-university-of-washington-medical-center-316/?page=4#doctors> (referer: https://www.ratemds.com/hospital/us-wa-seattle-university-of-washington-medical-center-316/?page=3)
ERROR: Spider error processing <GET https://www.ratemds.com/doctor-ratings/34532/Dr-Michael+A.-Elliott-SEATTLE-WA.html> (referer: https://www.ratemds.com/hospital/us-wa-seattle-virginia-mason-medical-center-182/?page=5)
Traceback (most recent call last):
  File "/Volumes/Unix/workplace/My_Project/Scrapy/venv/lib/python3.7/site-packages/scrapy/utils/defer.py", line 102, in iter_errback
    yield next(it)
  File "/Volumes/Unix/workplace/My_Project/Scrapy/venv/lib/python3.7/site-packages/scrapy/core/spidermw.py", line 84, in evaluate_iterable
    for r in iterable:
  File "/Volumes/Unix/workplace/My_Project/Scrapy/venv/lib/python3.7/site-packages/scrapy/spidermiddlewares/offsite.py", line 29, in process_spider_output
    for x in result:
  File "/Volumes/Unix/workplace/My_Project/Scrapy/venv/lib/python3.7/site-packages/scrapy/core/spidermw.py", line 84, in evaluate_iterable
    for r in iterable:
  File "/Volumes/Unix/workplace/My_Project/Scrapy/venv/lib/python3.7/site-packages/scrapy/spidermiddlewares/referer.py", line 339, in <genexpr>
    return (_set_referer(r) for r in result or ())
  File "/Volumes/Unix/workplace/My_Project/Scrapy/venv/lib/python3.7/site-packages/scrapy/core/spidermw.py", line 84, in evaluate_iterable
    for r in iterable:
  File "/Volumes/Unix/workplace/My_Project/Scrapy/venv/lib/python3.7/site-packages/scrapy/spidermiddlewares/urllength.py", line 37, in <genexpr>
    return (r for r in result or () if _filter(r))
  File "/Volumes/Unix/workplace/My_Project/Scrapy/venv/lib/python3.7/site-packages/scrapy/core/spidermw.py", line 84, in evaluate_iterable
    for r in iterable:
  File "/Volumes/Unix/workplace/My_Project/Scrapy/venv/lib/python3.7/site-packages/scrapy/spidermiddlewares/depth.py", line 58, in <genexpr>
    return (r for r in result or () if _filter(r))
  File "/Volumes/Unix/workplace/My_Project/Scrapy/DoctorRating/DoctorRating/spiders/doctorrating_spider.py", line 71, in parse_doctor_ratings
    rating = np.array(rating_matrix).mean(axis=0).round(self.FLOAT_DECIMALS)
  File "/Volumes/Unix/workplace/My_Project/Scrapy/venv/lib/python3.7/site-packages/numpy/core/_methods.py", line 163, in _mean
    ret = ret / rcount
TypeError: unsupported operand type(s) for /: 'list' and 'int'
ERROR: Spider error processing <GET https://www.ratemds.com/doctor-ratings/91526/Dr-Mark+D.-Fischer-Port+Angeles-WA.html> (referer: https://www.ratemds.com/hospital/us-wa-seattle-virginia-mason-medical-center-182/?page=5)
Traceback (most recent call last):
  File "/Volumes/Unix/workplace/My_Project/Scrapy/venv/lib/python3.7/site-packages/scrapy/utils/defer.py", line 102, in iter_errback
    yield next(it)
  File "/Volumes/Unix/workplace/My_Project/Scrapy/venv/lib/python3.7/site-packages/scrapy/core/spidermw.py", line 84, in evaluate_iterable
    for r in iterable:
  File "/Volumes/Unix/workplace/My_Project/Scrapy/venv/lib/python3.7/site-packages/scrapy/spidermiddlewares/offsite.py", line 29, in process_spider_output
    for x in result:
  File "/Volumes/Unix/workplace/My_Project/Scrapy/venv/lib/python3.7/site-packages/scrapy/core/spidermw.py", line 84, in evaluate_iterable
    for r in iterable:
  File "/Volumes/Unix/workplace/My_Project/Scrapy/venv/lib/python3.7/site-packages/scrapy/spidermiddlewares/referer.py", line 339, in <genexpr>
    return (_set_referer(r) for r in result or ())
  File "/Volumes/Unix/workplace/My_Project/Scrapy/venv/lib/python3.7/site-packages/scrapy/core/spidermw.py", line 84, in evaluate_iterable
    for r in iterable:
  File "/Volumes/Unix/workplace/My_Project/Scrapy/venv/lib/python3.7/site-packages/scrapy/spidermiddlewares/urllength.py", line 37, in <genexpr>
    return (r for r in result or () if _filter(r))
  File "/Volumes/Unix/workplace/My_Project/Scrapy/venv/lib/python3.7/site-packages/scrapy/core/spidermw.py", line 84, in evaluate_iterable
    for r in iterable:
  File "/Volumes/Unix/workplace/My_Project/Scrapy/venv/lib/python3.7/site-packages/scrapy/spidermiddlewares/depth.py", line 58, in <genexpr>
    return (r for r in result or () if _filter(r))
  File "/Volumes/Unix/workplace/My_Project/Scrapy/DoctorRating/DoctorRating/spiders/doctorrating_spider.py", line 78, in parse_doctor_ratings
    Knowledge_Rating=rating[3]
IndexError: index 3 is out of bounds for axis 0 with size 3
DEBUG: Crawled (200) <GET https://www.ratemds.com/doctor-ratings/353358/Dr-Lorna+A.-Marshall-Seattle-WA.html> (referer: https://www.ratemds.com/hospital/us-wa-seattle-virginia-mason-medical-center-182/?page=5)
DEBUG: Crawled (200) <GET https://www.ratemds.com/doctor-ratings/2577725/Dr-Harry+S.-Geggel-Seattle-WA.html> (referer: https://www.ratemds.com/hospital/us-wa-seattle-virginia-mason-medical-center-182/?page=5)
DEBUG: Scraped from <200 https://www.ratemds.com/doctor-ratings/353358/Dr-Lorna+A.-Marshall-Seattle-WA.html>
{'Doctor_Name': 'Dr. Lorna A. Marshall',
 'Facility_Name': 'Virginia Mason Medical Center',
 'Helpfulness_Rating': 1.0,
 'Knowledge_Rating': 1.0,
 'Punctuality_Rating': 3.0,
 'Staff_Rating': 1.0}
DEBUG: Crawled (200) <GET https://www.ratemds.com/doctor-ratings/313527/Dr-David+M.-Aboulafia-Seattle-WA.html> (referer: https://www.ratemds.com/hospital/us-wa-seattle-virginia-mason-medical-center-182/?page=5)
DEBUG: Scraped from <200 https://www.ratemds.com/doctor-ratings/2577725/Dr-Harry+S.-Geggel-Seattle-WA.html>
{'Doctor_Name': 'Dr. Harry S. Geggel',
 'Facility_Name': 'Virginia Mason Medical Center',
 'Helpfulness_Rating': 1.0,
 'Knowledge_Rating': 1.0,
 'Punctuality_Rating': 1.0,
 'Staff_Rating': 5.0}
DEBUG: Crawled (200) <GET https://www.ratemds.com/doctor-ratings/152985/Dr-Elizabeth-Strickland-Seattle-WA.html> (referer: https://www.ratemds.com/hospital/us-wa-seattle-virginia-mason-medical-center-182/?page=5)
DEBUG: Crawled (200) <GET https://www.ratemds.com/hospital/us-wa-seattle-virginia-mason-medical-center-182/?page=6#doctors> (referer: https://www.ratemds.com/hospital/us-wa-seattle-virginia-mason-medical-center-182/?page=5)
DEBUG: Scraped from <200 https://www.ratemds.com/doctor-ratings/313527/Dr-David+M.-Aboulafia-Seattle-WA.html>
{'Doctor_Name': 'Dr. David M. Aboulafia',
 'Facility_Name': 'Virginia Mason Medical Center',
 'Helpfulness_Rating': 1.0,
 'Knowledge_Rating': 2.0,
 'Punctuality_Rating': 3.0,
 'Staff_Rating': 3.0}
DEBUG: Scraped from <200 https://www.ratemds.com/doctor-ratings/152985/Dr-Elizabeth-Strickland-Seattle-WA.html>
{'Doctor_Name': 'Dr. Elizabeth Strickland',
 'Facility_Name': 'Virginia Mason Medical Center',
 'Helpfulness_Rating': 1.5,
 'Knowledge_Rating': 2.0,
 'Punctuality_Rating': 1.0,
 'Staff_Rating': 3.5}
DEBUG: Crawled (200) <GET https://www.ratemds.com/doctor-ratings/312183/Dr-Shubhada+K.-Kode-Seattle-WA.html> (referer: https://www.ratemds.com/hospital/us-wa-seattle-virginia-mason-medical-center-182/?page=5)
DEBUG: Crawled (200) <GET https://www.ratemds.com/doctor-ratings/37262/Dr-Mark+R.-Levy-Issaquah-WA.html> (referer: https://www.ratemds.com/hospital/us-wa-seattle-virginia-mason-medical-center-182/?page=5)
DEBUG: Scraped from <200 https://www.ratemds.com/doctor-ratings/312183/Dr-Shubhada+K.-Kode-Seattle-WA.html>
{'Doctor_Name': 'Dr. Shubhada K. Kode',
 'Facility_Name': 'Virginia Mason Medical Center',
 'Helpfulness_Rating': 2.5,
 'Knowledge_Rating': 3.0,
 'Punctuality_Rating': 2.5,
 'Staff_Rating': 3.0}
ERROR: Spider error processing <GET https://www.ratemds.com/doctor-ratings/37262/Dr-Mark+R.-Levy-Issaquah-WA.html> (referer: https://www.ratemds.com/hospital/us-wa-seattle-virginia-mason-medical-center-182/?page=5)
Traceback (most recent call last):
  File "/Volumes/Unix/workplace/My_Project/Scrapy/venv/lib/python3.7/site-packages/scrapy/utils/defer.py", line 102, in iter_errback
    yield next(it)
  File "/Volumes/Unix/workplace/My_Project/Scrapy/venv/lib/python3.7/site-packages/scrapy/core/spidermw.py", line 84, in evaluate_iterable
    for r in iterable:
  File "/Volumes/Unix/workplace/My_Project/Scrapy/venv/lib/python3.7/site-packages/scrapy/spidermiddlewares/offsite.py", line 29, in process_spider_output
    for x in result:
  File "/Volumes/Unix/workplace/My_Project/Scrapy/venv/lib/python3.7/site-packages/scrapy/core/spidermw.py", line 84, in evaluate_iterable
    for r in iterable:
  File "/Volumes/Unix/workplace/My_Project/Scrapy/venv/lib/python3.7/site-packages/scrapy/spidermiddlewares/referer.py", line 339, in <genexpr>
    return (_set_referer(r) for r in result or ())
  File "/Volumes/Unix/workplace/My_Project/Scrapy/venv/lib/python3.7/site-packages/scrapy/core/spidermw.py", line 84, in evaluate_iterable
    for r in iterable:
  File "/Volumes/Unix/workplace/My_Project/Scrapy/venv/lib/python3.7/site-packages/scrapy/spidermiddlewares/urllength.py", line 37, in <genexpr>
    return (r for r in result or () if _filter(r))
  File "/Volumes/Unix/workplace/My_Project/Scrapy/venv/lib/python3.7/site-packages/scrapy/core/spidermw.py", line 84, in evaluate_iterable
    for r in iterable:
  File "/Volumes/Unix/workplace/My_Project/Scrapy/venv/lib/python3.7/site-packages/scrapy/spidermiddlewares/depth.py", line 58, in <genexpr>
    return (r for r in result or () if _filter(r))
  File "/Volumes/Unix/workplace/My_Project/Scrapy/DoctorRating/DoctorRating/spiders/doctorrating_spider.py", line 71, in parse_doctor_ratings
    rating = np.array(rating_matrix).mean(axis=0).round(self.FLOAT_DECIMALS)
  File "/Volumes/Unix/workplace/My_Project/Scrapy/venv/lib/python3.7/site-packages/numpy/core/_methods.py", line 163, in _mean
    ret = ret / rcount
TypeError: unsupported operand type(s) for /: 'list' and 'int'
DEBUG: Crawled (200) <GET https://www.ratemds.com/doctor-ratings/50508/Dr-William+P.-Knibbe-BOISE-ID.html> (referer: https://www.ratemds.com/hospital/us-wa-seattle-swedish-medical-center-630/?page=5)
ERROR: Spider error processing <GET https://www.ratemds.com/doctor-ratings/50508/Dr-William+P.-Knibbe-BOISE-ID.html> (referer: https://www.ratemds.com/hospital/us-wa-seattle-swedish-medical-center-630/?page=5)
Traceback (most recent call last):
  File "/Volumes/Unix/workplace/My_Project/Scrapy/venv/lib/python3.7/site-packages/scrapy/utils/defer.py", line 102, in iter_errback
    yield next(it)
  File "/Volumes/Unix/workplace/My_Project/Scrapy/venv/lib/python3.7/site-packages/scrapy/core/spidermw.py", line 84, in evaluate_iterable
    for r in iterable:
  File "/Volumes/Unix/workplace/My_Project/Scrapy/venv/lib/python3.7/site-packages/scrapy/spidermiddlewares/offsite.py", line 29, in process_spider_output
    for x in result:
  File "/Volumes/Unix/workplace/My_Project/Scrapy/venv/lib/python3.7/site-packages/scrapy/core/spidermw.py", line 84, in evaluate_iterable
    for r in iterable:
  File "/Volumes/Unix/workplace/My_Project/Scrapy/venv/lib/python3.7/site-packages/scrapy/spidermiddlewares/referer.py", line 339, in <genexpr>
    return (_set_referer(r) for r in result or ())
  File "/Volumes/Unix/workplace/My_Project/Scrapy/venv/lib/python3.7/site-packages/scrapy/core/spidermw.py", line 84, in evaluate_iterable
    for r in iterable:
  File "/Volumes/Unix/workplace/My_Project/Scrapy/venv/lib/python3.7/site-packages/scrapy/spidermiddlewares/urllength.py", line 37, in <genexpr>
    return (r for r in result or () if _filter(r))
  File "/Volumes/Unix/workplace/My_Project/Scrapy/venv/lib/python3.7/site-packages/scrapy/core/spidermw.py", line 84, in evaluate_iterable
    for r in iterable:
  File "/Volumes/Unix/workplace/My_Project/Scrapy/venv/lib/python3.7/site-packages/scrapy/spidermiddlewares/depth.py", line 58, in <genexpr>
    return (r for r in result or () if _filter(r))
  File "/Volumes/Unix/workplace/My_Project/Scrapy/DoctorRating/DoctorRating/spiders/doctorrating_spider.py", line 71, in parse_doctor_ratings
    rating = np.array(rating_matrix).mean(axis=0).round(self.FLOAT_DECIMALS)
  File "/Volumes/Unix/workplace/My_Project/Scrapy/venv/lib/python3.7/site-packages/numpy/core/_methods.py", line 163, in _mean
    ret = ret / rcount
TypeError: unsupported operand type(s) for /: 'list' and 'int'
DEBUG: Crawled (200) <GET https://www.ratemds.com/hospital/us-wa-seattle-swedish-medical-center-630/?page=6#doctors> (referer: https://www.ratemds.com/hospital/us-wa-seattle-swedish-medical-center-630/?page=5)
INFO: Stored csv feed (62 items) in: doctorrating.csv
INFO: Dumping Scrapy stats:
{'downloader/request_bytes': 55342,
 'downloader/request_count': 133,
 'downloader/request_method_count/GET': 133,
 'downloader/response_bytes': 3387141,
 'downloader/response_count': 133,
 'downloader/response_status_count/200': 133,
 'dupefilter/filtered': 33,
 'elapsed_time_seconds': 15.967066,
 'finish_reason': 'shutdown',
 'finish_time': datetime.datetime(2019, 9, 7, 0, 2, 5, 560654),
 'item_scraped_count': 62,
 'log_count/DEBUG': 196,
 'log_count/ERROR': 20,
 'log_count/INFO': 12,
 'memusage/max': 61304832,
 'memusage/startup': 61304832,
 'request_depth_max': 8,
 'response_received_count': 133,
 'robotstxt/request_count': 1,
 'robotstxt/response_count': 1,
 'robotstxt/response_status_count/200': 1,
 'scheduler/dequeued': 132,
 'scheduler/dequeued/memory': 132,
 'scheduler/enqueued': 309,
 'scheduler/enqueued/memory': 309,
 'spider_exceptions/IndexError': 1,
 'spider_exceptions/TypeError': 19,
 'start_time': datetime.datetime(2019, 9, 7, 0, 1, 49, 593588)}
INFO: Spider closed (shutdown)
